/pnfs/user/taxidata/2013-12-11/000000.DAT : loading fail
/pnfs/user/taxidata/2013-12-11/000230.DAT : loading fail
/pnfs/user/taxidata/2013-12-11/000500.DAT : loading fail
/pnfs/user/taxidata/2013-12-11/000730.DAT : loading fail
/pnfs/user/taxidata/2013-12-11/001000.DAT : loading fail
/pnfs/user/taxidata/2013-12-11/001230.DAT : loading fail
/pnfs/user/taxidata/2013-12-11/001500.DAT : loading fail
/pnfs/user/taxidata/2013-12-11/001730.DAT : loading fail
/pnfs/user/taxidata/2013-12-11/002000.DAT : loading fail
/pnfs/user/taxidata/2013-12-11/002230.DAT : loading fail
/pnfs/user/taxidata/2013-12-11/002500.DAT : loading fail
/pnfs/user/taxidata/2013-12-11/002730.DAT : loading fail
/pnfs/user/taxidata/2013-12-11/003000.DAT : loading fail
/pnfs/user/taxidata/2013-12-11/003230.DAT : loading fail
/pnfs/user/taxidata/2013-12-11/003500.DAT : loading fail
/pnfs/user/taxidata/2013-12-11/003730.DAT : loading fail
/pnfs/user/taxidata/2013-12-11/004000.DAT : loading fail
/pnfs/user/taxidata/2013-12-11/004230.DAT : loading fail
/pnfs/user/taxidata/2013-12-11/004500.DAT : loading fail
/pnfs/user/taxidata/2013-12-11/004730.DAT : loading fail
/pnfs/user/taxidata/2013-12-11/005000.DAT : loading fail
/pnfs/user/taxidata/2013-12-11/005230.DAT : loading fail
/pnfs/user/taxidata/2013-12-11/005500.DAT : loading fail
/pnfs/user/taxidata/2013-12-11/005730.DAT : loading fail
/pnfs/user/taxidata/2013-12-11/010000.DAT : loading fail
/pnfs/user/taxidata/2013-12-11/010230.DAT : loading fail
/pnfs/user/taxidata/2013-12-11/010500.DAT : loading fail
/pnfs/user/taxidata/2013-12-11/010730.DAT : loading fail
/pnfs/user/taxidata/2013-12-11/011000.DAT : loading fail
/pnfs/user/taxidata/2013-12-11/011230.DAT : loading fail
/pnfs/user/taxidata/2013-12-11/011500.DAT : loading fail
/pnfs/user/taxidata/2013-12-11/011730.DAT : loading fail
/pnfs/user/taxidata/2013-12-11/012000.DAT : loading fail
/pnfs/user/taxidata/2013-12-11/012230.DAT : loading fail
/pnfs/user/taxidata/2013-12-11/012500.DAT : loading fail
/pnfs/user/taxidata/2013-12-11/012730.DAT : loading fail
/pnfs/user/taxidata/2013-12-11/013000.DAT : loading fail
/pnfs/user/taxidata/2013-12-11/013230.DAT : loading fail
/pnfs/user/taxidata/2013-12-11/013500.DAT : loading fail
/pnfs/user/taxidata/2013-12-11/013730.DAT : loading fail
/pnfs/user/taxidata/2013-12-11/014000.DAT : loading fail
/pnfs/user/taxidata/2013-12-11/014230.DAT : loading fail
/pnfs/user/taxidata/2013-12-11/014500.DAT : loading fail
/pnfs/user/taxidata/2013-12-11/014730.DAT : loading fail
/pnfs/user/taxidata/2013-12-11/015000.DAT : loading fail
/pnfs/user/taxidata/2013-12-11/015230.DAT : loading fail
/pnfs/user/taxidata/2013-12-11/015500.DAT : loading fail
/pnfs/user/taxidata/2013-12-11/015730.DAT : loading fail
/pnfs/user/taxidata/2013-12-11/020000.DAT : loading fail
/pnfs/user/taxidata/2013-12-11/020230.DAT : loading fail
/pnfs/user/taxidata/2013-12-11/020500.DAT : loading fail
/pnfs/user/taxidata/2013-12-11/020730.DAT : loading fail
/pnfs/user/taxidata/2013-12-11/021000.DAT : loading fail
/pnfs/user/taxidata/2013-12-11/021230.DAT : loading fail
/pnfs/user/taxidata/2013-12-11/021500.DAT : loading fail
/pnfs/user/taxidata/2013-12-11/021730.DAT : loading fail
/pnfs/user/taxidata/2013-12-11/022000.DAT : loading fail
/pnfs/user/taxidata/2013-12-11/022230.DAT : loading fail
/pnfs/user/taxidata/2013-12-11/022500.DAT : loading fail
/pnfs/user/taxidata/2013-12-11/022730.DAT : loading fail
/pnfs/user/taxidata/2013-12-11/023000.DAT : loading fail
/pnfs/user/taxidata/2013-12-11/023230.DAT : loading fail
/pnfs/user/taxidata/2013-12-11/023500.DAT : loading fail
/pnfs/user/taxidata/2013-12-11/023730.DAT : loading fail
/pnfs/user/taxidata/2013-12-11/024000.DAT : loading fail
/pnfs/user/taxidata/2013-12-11/024230.DAT : loading fail
/pnfs/user/taxidata/2013-12-11/024500.DAT : loading fail
/pnfs/user/taxidata/2013-12-11/024730.DAT : loading fail
/pnfs/user/taxidata/2013-12-11/025000.DAT : loading fail
/pnfs/user/taxidata/2013-12-11/025230.DAT : loading fail
/pnfs/user/taxidata/2013-12-11/025500.DAT : loading fail
/pnfs/user/taxidata/2013-12-11/025730.DAT : loading fail
/pnfs/user/taxidata/2013-12-11/030000.DAT : loading fail
/pnfs/user/taxidata/2013-12-11/030230.DAT : loading fail
/pnfs/user/taxidata/2013-12-11/030500.DAT : loading fail
/pnfs/user/taxidata/2013-12-11/030730.DAT : loading fail
/pnfs/user/taxidata/2013-12-11/031000.DAT : loading fail
/pnfs/user/taxidata/2013-12-11/031230.DAT : loading fail
/pnfs/user/taxidata/2013-12-11/031500.DAT : loading fail
/pnfs/user/taxidata/2013-12-11/031730.DAT : loading fail
/pnfs/user/taxidata/2013-12-11/032000.DAT : loading fail
/pnfs/user/taxidata/2013-12-11/032230.DAT : loading fail
/pnfs/user/taxidata/2013-12-11/032500.DAT : loading fail
/pnfs/user/taxidata/2013-12-11/032730.DAT : loading fail
/pnfs/user/taxidata/2013-12-11/033000.DAT : loading fail
/pnfs/user/taxidata/2013-12-11/033230.DAT : loading fail
/pnfs/user/taxidata/2013-12-11/033500.DAT : loading fail
/pnfs/user/taxidata/2013-12-11/033730.DAT : loading fail
/pnfs/user/taxidata/2013-12-11/034000.DAT : loading fail
/pnfs/user/taxidata/2013-12-11/034230.DAT : loading fail
/pnfs/user/taxidata/2013-12-11/034500.DAT : loading fail
/pnfs/user/taxidata/2013-12-11/034730.DAT : loading fail
/pnfs/user/taxidata/2013-12-11/035000.DAT : loading fail
/pnfs/user/taxidata/2013-12-11/035230.DAT : loading fail
/pnfs/user/taxidata/2013-12-11/035500.DAT : loading fail
/pnfs/user/taxidata/2013-12-11/035730.DAT : loading fail
/pnfs/user/taxidata/2013-12-11/040000.DAT : loading fail
/pnfs/user/taxidata/2013-12-11/040230.DAT : loading fail
/pnfs/user/taxidata/2013-12-11/040500.DAT : loading fail
/pnfs/user/taxidata/2013-12-11/040730.DAT : loading fail
/pnfs/user/taxidata/2013-12-11/041000.DAT : loading fail
/pnfs/user/taxidata/2013-12-11/041230.DAT : loading fail
/pnfs/user/taxidata/2013-12-11/041500.DAT : loading fail
/pnfs/user/taxidata/2013-12-11/041730.DAT : loading fail
/pnfs/user/taxidata/2013-12-11/042000.DAT : loading fail
/pnfs/user/taxidata/2013-12-11/042230.DAT : loading fail
/pnfs/user/taxidata/2013-12-11/042500.DAT : loading fail
/pnfs/user/taxidata/2013-12-11/042730.DAT : loading fail
/pnfs/user/taxidata/2013-12-11/043000.DAT : loading fail
/pnfs/user/taxidata/2013-12-11/043230.DAT : loading fail
/pnfs/user/taxidata/2013-12-11/043500.DAT : loading fail
/pnfs/user/taxidata/2013-12-11/043730.DAT : loading fail
/pnfs/user/taxidata/2013-12-11/044000.DAT : loading fail
/pnfs/user/taxidata/2013-12-11/044230.DAT : loading fail
/pnfs/user/taxidata/2013-12-11/044500.DAT : loading fail
/pnfs/user/taxidata/2013-12-11/044730.DAT : loading fail
/pnfs/user/taxidata/2013-12-11/045000.DAT : loading fail
/pnfs/user/taxidata/2013-12-11/045230.DAT : loading fail
/pnfs/user/taxidata/2013-12-11/045500.DAT : loading fail
/pnfs/user/taxidata/2013-12-11/045730.DAT : loading fail
/pnfs/user/taxidata/2013-12-11/050000.DAT : loading fail
/pnfs/user/taxidata/2013-12-11/050230.DAT : loading fail
/pnfs/user/taxidata/2013-12-11/050500.DAT : loading fail
/pnfs/user/taxidata/2013-12-11/050730.DAT : loading fail
/pnfs/user/taxidata/2013-12-11/051000.DAT : loading fail
/pnfs/user/taxidata/2013-12-11/051230.DAT : loading fail
/pnfs/user/taxidata/2013-12-11/051500.DAT : loading fail
/pnfs/user/taxidata/2013-12-11/051730.DAT : loading fail
/pnfs/user/taxidata/2013-12-11/052000.DAT : loading fail
/pnfs/user/taxidata/2013-12-11/052230.DAT : loading fail
/pnfs/user/taxidata/2013-12-11/052500.DAT : loading fail
/pnfs/user/taxidata/2013-12-11/052730.DAT : loading fail
/pnfs/user/taxidata/2013-12-11/053000.DAT : loading fail
/pnfs/user/taxidata/2013-12-11/053230.DAT : loading fail
/pnfs/user/taxidata/2013-12-11/053500.DAT : loading fail
/pnfs/user/taxidata/2013-12-11/053730.DAT : loading fail
/pnfs/user/taxidata/2013-12-11/054000.DAT : loading fail
/pnfs/user/taxidata/2013-12-11/054230.DAT : loading fail
/pnfs/user/taxidata/2013-12-11/054500.DAT : loading fail
/pnfs/user/taxidata/2013-12-11/054730.DAT : loading fail
/pnfs/user/taxidata/2013-12-11/055000.DAT : loading fail
/pnfs/user/taxidata/2013-12-11/055230.DAT : loading fail
/pnfs/user/taxidata/2013-12-11/055500.DAT : loading fail
/pnfs/user/taxidata/2013-12-11/055730.DAT : loading fail
/pnfs/user/taxidata/2013-12-11/060000.DAT : loading fail
/pnfs/user/taxidata/2013-12-11/060230.DAT : loading fail
/pnfs/user/taxidata/2013-12-11/060500.DAT : loading fail
/pnfs/user/taxidata/2013-12-11/060730.DAT : loading fail
/pnfs/user/taxidata/2013-12-11/061000.DAT : loading fail
/pnfs/user/taxidata/2013-12-11/061230.DAT : loading fail
/pnfs/user/taxidata/2013-12-11/061500.DAT : loading fail
/pnfs/user/taxidata/2013-12-11/061730.DAT : loading fail
/pnfs/user/taxidata/2013-12-11/062000.DAT : loading fail
/pnfs/user/taxidata/2013-12-11/062230.DAT : loading fail
/pnfs/user/taxidata/2013-12-11/062500.DAT : loading fail
/pnfs/user/taxidata/2013-12-11/062730.DAT : loading fail
/pnfs/user/taxidata/2013-12-11/063000.DAT : loading fail
/pnfs/user/taxidata/2013-12-11/063230.DAT : loading fail
/pnfs/user/taxidata/2013-12-11/063500.DAT : loading fail
/pnfs/user/taxidata/2013-12-11/063730.DAT : loading fail
/pnfs/user/taxidata/2013-12-11/064000.DAT : loading fail
/pnfs/user/taxidata/2013-12-11/064230.DAT : loading fail
/pnfs/user/taxidata/2013-12-11/064500.DAT : loading fail
/pnfs/user/taxidata/2013-12-11/064730.DAT : loading fail
/pnfs/user/taxidata/2013-12-11/065000.DAT : loading fail
/pnfs/user/taxidata/2013-12-11/065230.DAT : loading fail
/pnfs/user/taxidata/2013-12-11/065500.DAT : loading fail
/pnfs/user/taxidata/2013-12-11/065730.DAT : loading fail
/pnfs/user/taxidata/2013-12-11/070000.DAT : loading fail
/pnfs/user/taxidata/2013-12-11/070230.DAT : loading fail
/pnfs/user/taxidata/2013-12-11/070500.DAT : loading fail
/pnfs/user/taxidata/2013-12-11/070730.DAT : loading fail
/pnfs/user/taxidata/2013-12-11/071000.DAT : loading fail
/pnfs/user/taxidata/2013-12-11/071230.DAT : loading fail
/pnfs/user/taxidata/2013-12-11/071500.DAT : loading fail
/pnfs/user/taxidata/2013-12-11/071730.DAT : loading fail
/pnfs/user/taxidata/2013-12-11/072000.DAT : loading fail
/pnfs/user/taxidata/2013-12-11/072230.DAT : loading fail
/pnfs/user/taxidata/2013-12-11/072500.DAT : loading fail
/pnfs/user/taxidata/2013-12-11/072730.DAT : loading fail
/pnfs/user/taxidata/2013-12-11/073000.DAT : loading fail
/pnfs/user/taxidata/2013-12-11/073230.DAT : loading fail
/pnfs/user/taxidata/2013-12-11/073500.DAT : loading fail
/pnfs/user/taxidata/2013-12-11/073730.DAT : loading fail
/pnfs/user/taxidata/2013-12-11/074000.DAT : loading fail
/pnfs/user/taxidata/2013-12-11/074230.DAT : loading fail
/pnfs/user/taxidata/2013-12-11/074500.DAT : loading fail
/pnfs/user/taxidata/2013-12-11/074730.DAT : loading fail
/pnfs/user/taxidata/2013-12-11/075000.DAT : loading fail
/pnfs/user/taxidata/2013-12-11/075230.DAT : loading fail
/pnfs/user/taxidata/2013-12-11/075500.DAT : loading fail
/pnfs/user/taxidata/2013-12-11/075730.DAT : loading fail
/pnfs/user/taxidata/2013-12-11/080000.DAT : loading fail
/pnfs/user/taxidata/2013-12-11/080230.DAT : loading fail
/pnfs/user/taxidata/2013-12-11/080500.DAT : loading fail
/pnfs/user/taxidata/2013-12-11/080730.DAT : loading fail
/pnfs/user/taxidata/2013-12-11/081000.DAT : loading fail
/pnfs/user/taxidata/2013-12-11/081230.DAT : loading fail
/pnfs/user/taxidata/2013-12-11/081500.DAT : loading fail
/pnfs/user/taxidata/2013-12-11/081730.DAT : loading fail
/pnfs/user/taxidata/2013-12-11/082000.DAT : loading fail
/pnfs/user/taxidata/2013-12-11/082230.DAT : loading fail
/pnfs/user/taxidata/2013-12-11/082500.DAT : loading fail
/pnfs/user/taxidata/2013-12-11/082730.DAT : loading fail
/pnfs/user/taxidata/2013-12-11/083000.DAT : loading fail
/pnfs/user/taxidata/2013-12-11/083230.DAT : loading fail
/pnfs/user/taxidata/2013-12-11/083500.DAT : loading fail
/pnfs/user/taxidata/2013-12-11/083730.DAT : loading fail
/pnfs/user/taxidata/2013-12-11/084000.DAT : loading fail
/pnfs/user/taxidata/2013-12-11/084230.DAT : loading fail
/pnfs/user/taxidata/2013-12-11/084500.DAT : loading fail
/pnfs/user/taxidata/2013-12-11/084730.DAT : loading fail
/pnfs/user/taxidata/2013-12-11/085000.DAT : loading fail
/pnfs/user/taxidata/2013-12-11/085230.DAT : loading fail
/pnfs/user/taxidata/2013-12-11/085500.DAT : loading fail
/pnfs/user/taxidata/2013-12-11/085730.DAT : loading fail
/pnfs/user/taxidata/2013-12-11/090000.DAT : loading fail
/pnfs/user/taxidata/2013-12-11/090230.DAT : loading fail
/pnfs/user/taxidata/2013-12-11/090500.DAT : loading fail
/pnfs/user/taxidata/2013-12-11/090730.DAT : loading fail
/pnfs/user/taxidata/2013-12-11/091000.DAT : loading fail
/pnfs/user/taxidata/2013-12-11/091230.DAT : loading fail
/pnfs/user/taxidata/2013-12-11/091500.DAT : loading fail
/pnfs/user/taxidata/2013-12-11/091730.DAT : loading fail
/pnfs/user/taxidata/2013-12-11/092000.DAT : loading fail
/pnfs/user/taxidata/2013-12-11/092230.DAT : loading fail
/pnfs/user/taxidata/2013-12-11/092500.DAT : loading fail
/pnfs/user/taxidata/2013-12-11/092730.DAT : loading fail
/pnfs/user/taxidata/2013-12-11/093000.DAT : loading fail
/pnfs/user/taxidata/2013-12-11/093230.DAT : loading fail
/pnfs/user/taxidata/2013-12-11/093500.DAT : loading fail
/pnfs/user/taxidata/2013-12-11/093730.DAT : loading fail
/pnfs/user/taxidata/2013-12-11/094000.DAT : loading fail
/pnfs/user/taxidata/2013-12-11/094230.DAT : loading fail
/pnfs/user/taxidata/2013-12-11/094500.DAT : loading fail
/pnfs/user/taxidata/2013-12-11/094730.DAT : loading fail
/pnfs/user/taxidata/2013-12-11/095000.DAT : loading fail
/pnfs/user/taxidata/2013-12-11/095230.DAT : loading fail
/pnfs/user/taxidata/2013-12-11/095500.DAT : loading fail
/pnfs/user/taxidata/2013-12-11/095730.DAT : loading fail
/pnfs/user/taxidata/2013-12-11/100000.DAT : loading fail
/pnfs/user/taxidata/2013-12-11/100230.DAT : loading fail
/pnfs/user/taxidata/2013-12-11/100500.DAT : loading fail
/pnfs/user/taxidata/2013-12-11/100730.DAT : loading fail
/pnfs/user/taxidata/2013-12-11/101000.DAT : loading fail
/pnfs/user/taxidata/2013-12-11/101230.DAT : loading fail
/pnfs/user/taxidata/2013-12-11/101500.DAT : loading fail
/pnfs/user/taxidata/2013-12-11/101730.DAT : loading fail
/pnfs/user/taxidata/2013-12-11/102000.DAT : loading fail
/pnfs/user/taxidata/2013-12-11/102230.DAT : loading fail
/pnfs/user/taxidata/2013-12-11/102500.DAT : loading fail
/pnfs/user/taxidata/2013-12-11/102730.DAT : loading fail
/pnfs/user/taxidata/2013-12-11/103000.DAT : loading fail
/pnfs/user/taxidata/2013-12-11/103230.DAT : loading fail
/pnfs/user/taxidata/2013-12-11/103500.DAT : loading fail
/pnfs/user/taxidata/2013-12-11/103730.DAT : loading fail
/pnfs/user/taxidata/2013-12-11/104000.DAT : loading fail
/pnfs/user/taxidata/2013-12-11/104230.DAT : loading fail
/pnfs/user/taxidata/2013-12-11/104500.DAT : loading fail
/pnfs/user/taxidata/2013-12-11/104730.DAT : loading fail
/pnfs/user/taxidata/2013-12-11/105000.DAT : loading fail
/pnfs/user/taxidata/2013-12-11/105230.DAT : loading fail
/pnfs/user/taxidata/2013-12-11/105500.DAT : loading fail
/pnfs/user/taxidata/2013-12-11/105730.DAT : loading fail
/pnfs/user/taxidata/2013-12-11/110000.DAT : loading fail
/pnfs/user/taxidata/2013-12-11/110230.DAT : loading fail
/pnfs/user/taxidata/2013-12-11/110500.DAT : loading fail
/pnfs/user/taxidata/2013-12-11/110730.DAT : loading fail
/pnfs/user/taxidata/2013-12-11/111000.DAT : loading fail
/pnfs/user/taxidata/2013-12-11/111230.DAT : loading fail
/pnfs/user/taxidata/2013-12-11/111500.DAT : loading fail
/pnfs/user/taxidata/2013-12-11/111730.DAT : loading fail
/pnfs/user/taxidata/2013-12-11/112000.DAT : loading fail
/pnfs/user/taxidata/2013-12-11/112230.DAT : loading fail
/pnfs/user/taxidata/2013-12-11/112500.DAT : loading fail
/pnfs/user/taxidata/2013-12-11/112730.DAT : loading fail
/pnfs/user/taxidata/2013-12-11/113000.DAT : loading fail
/pnfs/user/taxidata/2013-12-11/113230.DAT : loading fail
/pnfs/user/taxidata/2013-12-11/113500.DAT : loading fail
/pnfs/user/taxidata/2013-12-11/113730.DAT : loading fail
/pnfs/user/taxidata/2013-12-11/114000.DAT : loading fail
/pnfs/user/taxidata/2013-12-11/114230.DAT : loading fail
/pnfs/user/taxidata/2013-12-11/114500.DAT : loading fail
/pnfs/user/taxidata/2013-12-11/114730.DAT : loading fail
/pnfs/user/taxidata/2013-12-11/115000.DAT : loading fail
/pnfs/user/taxidata/2013-12-11/115230.DAT : loading fail
/pnfs/user/taxidata/2013-12-11/115500.DAT : loading fail
/pnfs/user/taxidata/2013-12-11/115730.DAT : loading fail
/pnfs/user/taxidata/2013-12-11/120000.DAT : loading fail
/pnfs/user/taxidata/2013-12-11/120230.DAT : loading fail
/pnfs/user/taxidata/2013-12-11/120500.DAT : loading fail
/pnfs/user/taxidata/2013-12-11/120730.DAT : loading fail
/pnfs/user/taxidata/2013-12-11/121000.DAT : loading fail
/pnfs/user/taxidata/2013-12-11/121230.DAT : loading fail
/pnfs/user/taxidata/2013-12-11/121500.DAT : loading fail
/pnfs/user/taxidata/2013-12-11/121730.DAT : loading fail
/pnfs/user/taxidata/2013-12-11/122000.DAT : loading fail
/pnfs/user/taxidata/2013-12-11/122230.DAT : loading fail
/pnfs/user/taxidata/2013-12-11/122500.DAT : loading fail
/pnfs/user/taxidata/2013-12-11/122730.DAT : loading fail
/pnfs/user/taxidata/2013-12-11/123000.DAT : loading fail
/pnfs/user/taxidata/2013-12-11/123230.DAT : loading fail
/pnfs/user/taxidata/2013-12-11/123500.DAT : loading fail
/pnfs/user/taxidata/2013-12-11/123730.DAT : loading fail
/pnfs/user/taxidata/2013-12-11/124000.DAT : loading fail
/pnfs/user/taxidata/2013-12-11/124230.DAT : loading fail
/pnfs/user/taxidata/2013-12-11/124500.DAT : loading fail
/pnfs/user/taxidata/2013-12-11/124730.DAT : loading fail
/pnfs/user/taxidata/2013-12-11/125000.DAT : loading fail
/pnfs/user/taxidata/2013-12-11/125230.DAT : loading fail
/pnfs/user/taxidata/2013-12-11/125500.DAT : loading fail
/pnfs/user/taxidata/2013-12-11/125730.DAT : loading fail
/pnfs/user/taxidata/2013-12-11/130000.DAT : loading fail
/pnfs/user/taxidata/2013-12-11/130230.DAT : loading fail
/pnfs/user/taxidata/2013-12-11/130500.DAT : loading fail
/pnfs/user/taxidata/2013-12-11/130730.DAT : loading fail
/pnfs/user/taxidata/2013-12-11/131000.DAT : loading fail
/pnfs/user/taxidata/2013-12-11/131230.DAT : loading fail
/pnfs/user/taxidata/2013-12-11/131500.DAT : loading fail
/pnfs/user/taxidata/2013-12-11/131730.DAT : loading fail
/pnfs/user/taxidata/2013-12-11/132000.DAT : loading fail
/pnfs/user/taxidata/2013-12-11/132230.DAT : loading fail
/pnfs/user/taxidata/2013-12-11/132500.DAT : loading fail
/pnfs/user/taxidata/2013-12-11/132730.DAT : loading fail
/pnfs/user/taxidata/2013-12-11/133000.DAT : loading fail
/pnfs/user/taxidata/2013-12-11/133230.DAT : loading fail
/pnfs/user/taxidata/2013-12-11/133500.DAT : loading fail
/pnfs/user/taxidata/2013-12-11/133730.DAT : loading fail
/pnfs/user/taxidata/2013-12-11/134000.DAT : loading fail
/pnfs/user/taxidata/2013-12-11/134230.DAT : loading fail
/pnfs/user/taxidata/2013-12-11/134500.DAT : loading fail
/pnfs/user/taxidata/2013-12-11/134730.DAT : loading fail
/pnfs/user/taxidata/2013-12-11/135000.DAT : loading fail
/pnfs/user/taxidata/2013-12-11/135230.DAT : loading fail
/pnfs/user/taxidata/2013-12-11/135500.DAT : loading fail
/pnfs/user/taxidata/2013-12-11/135730.DAT : loading fail
/pnfs/user/taxidata/2013-12-11/140000.DAT : loading fail
/pnfs/user/taxidata/2013-12-11/140230.DAT : loading fail
/pnfs/user/taxidata/2013-12-11/140500.DAT : loading fail
/pnfs/user/taxidata/2013-12-11/140730.DAT : loading fail
/pnfs/user/taxidata/2013-12-11/141000.DAT : loading fail
/pnfs/user/taxidata/2013-12-11/141230.DAT : loading fail
/pnfs/user/taxidata/2013-12-11/141500.DAT : loading fail
/pnfs/user/taxidata/2013-12-11/141730.DAT : loading fail
/pnfs/user/taxidata/2013-12-11/142000.DAT : loading fail
/pnfs/user/taxidata/2013-12-11/142230.DAT : loading fail
/pnfs/user/taxidata/2013-12-11/142500.DAT : loading fail
/pnfs/user/taxidata/2013-12-11/142730.DAT : loading fail
/pnfs/user/taxidata/2013-12-11/143000.DAT : loading fail
/pnfs/user/taxidata/2013-12-11/143230.DAT : loading fail
/pnfs/user/taxidata/2013-12-11/143500.DAT : loading fail
/pnfs/user/taxidata/2013-12-11/143730.DAT : loading fail
/pnfs/user/taxidata/2013-12-11/144000.DAT : loading fail
/pnfs/user/taxidata/2013-12-11/144230.DAT : loading fail
/pnfs/user/taxidata/2013-12-11/144500.DAT : loading fail
/pnfs/user/taxidata/2013-12-11/144730.DAT : loading fail
/pnfs/user/taxidata/2013-12-11/145000.DAT : loading fail
/pnfs/user/taxidata/2013-12-11/145230.DAT : loading fail
/pnfs/user/taxidata/2013-12-11/145500.DAT : loading fail
/pnfs/user/taxidata/2013-12-11/145730.DAT : loading fail
/pnfs/user/taxidata/2013-12-11/150000.DAT : loading fail
/pnfs/user/taxidata/2013-12-11/150230.DAT : loading fail
/pnfs/user/taxidata/2013-12-11/150500.DAT : loading fail
/pnfs/user/taxidata/2013-12-11/150730.DAT : loading fail
/pnfs/user/taxidata/2013-12-11/151000.DAT : loading fail
/pnfs/user/taxidata/2013-12-11/151230.DAT : loading fail
/pnfs/user/taxidata/2013-12-11/151500.DAT : loading fail
/pnfs/user/taxidata/2013-12-11/151730.DAT : loading fail
/pnfs/user/taxidata/2013-12-11/152000.DAT : loading fail
/pnfs/user/taxidata/2013-12-11/152230.DAT : loading fail
/pnfs/user/taxidata/2013-12-11/152500.DAT : loading fail
/pnfs/user/taxidata/2013-12-11/152730.DAT : loading fail
/pnfs/user/taxidata/2013-12-11/153000.DAT : loading fail
/pnfs/user/taxidata/2013-12-11/153230.DAT : loading fail
/pnfs/user/taxidata/2013-12-11/153500.DAT : loading fail
/pnfs/user/taxidata/2013-12-11/153730.DAT : loading fail
/pnfs/user/taxidata/2013-12-11/154000.DAT : loading fail
/pnfs/user/taxidata/2013-12-11/154230.DAT : loading fail
/pnfs/user/taxidata/2013-12-11/154500.DAT : loading fail
/pnfs/user/taxidata/2013-12-11/154730.DAT : loading fail
/pnfs/user/taxidata/2013-12-11/155000.DAT : loading fail
/pnfs/user/taxidata/2013-12-11/155230.DAT : loading fail
/pnfs/user/taxidata/2013-12-11/155500.DAT : loading fail
/pnfs/user/taxidata/2013-12-11/155730.DAT : loading fail
/pnfs/user/taxidata/2013-12-11/160000.DAT : loading fail
/pnfs/user/taxidata/2013-12-11/160230.DAT : loading fail
/pnfs/user/taxidata/2013-12-11/160500.DAT : loading fail
/pnfs/user/taxidata/2013-12-11/160730.DAT : loading fail
/pnfs/user/taxidata/2013-12-11/161000.DAT : loading fail
/pnfs/user/taxidata/2013-12-11/161230.DAT : loading fail
/pnfs/user/taxidata/2013-12-11/161500.DAT : loading fail
/pnfs/user/taxidata/2013-12-11/161730.DAT : loading fail
/pnfs/user/taxidata/2013-12-11/162000.DAT : loading fail
/pnfs/user/taxidata/2013-12-11/162230.DAT : loading fail
/pnfs/user/taxidata/2013-12-11/162500.DAT : loading fail
/pnfs/user/taxidata/2013-12-11/162730.DAT : loading fail
/pnfs/user/taxidata/2013-12-11/163000.DAT : loading fail
/pnfs/user/taxidata/2013-12-11/163230.DAT : loading fail
/pnfs/user/taxidata/2013-12-11/163500.DAT : loading fail
/pnfs/user/taxidata/2013-12-11/163730.DAT : loading fail
/pnfs/user/taxidata/2013-12-11/164000.DAT : loading fail
/pnfs/user/taxidata/2013-12-11/164230.DAT : loading fail
/pnfs/user/taxidata/2013-12-11/164500.DAT : loading fail
/pnfs/user/taxidata/2013-12-11/164730.DAT : loading fail
/pnfs/user/taxidata/2013-12-11/165000.DAT : loading fail
/pnfs/user/taxidata/2013-12-11/165230.DAT : loading fail
/pnfs/user/taxidata/2013-12-11/165500.DAT : loading fail
/pnfs/user/taxidata/2013-12-11/165730.DAT : loading fail
/pnfs/user/taxidata/2013-12-11/170000.DAT : loading fail
/pnfs/user/taxidata/2013-12-11/170230.DAT : loading fail
/pnfs/user/taxidata/2013-12-11/170500.DAT : loading fail
/pnfs/user/taxidata/2013-12-11/170730.DAT : loading fail
/pnfs/user/taxidata/2013-12-11/171000.DAT : loading fail
/pnfs/user/taxidata/2013-12-11/171230.DAT : loading fail
/pnfs/user/taxidata/2013-12-11/171500.DAT : loading fail
/pnfs/user/taxidata/2013-12-11/171730.DAT : loading fail
/pnfs/user/taxidata/2013-12-11/172000.DAT : loading fail
/pnfs/user/taxidata/2013-12-11/172230.DAT : loading fail
/pnfs/user/taxidata/2013-12-11/172500.DAT : loading fail
/pnfs/user/taxidata/2013-12-11/172730.DAT : loading fail
/pnfs/user/taxidata/2013-12-11/173000.DAT : loading fail
/pnfs/user/taxidata/2013-12-11/173230.DAT : loading fail
/pnfs/user/taxidata/2013-12-11/173500.DAT : loading fail
/pnfs/user/taxidata/2013-12-11/173730.DAT : loading fail
/pnfs/user/taxidata/2013-12-11/174000.DAT : loading fail
/pnfs/user/taxidata/2013-12-11/174230.DAT : loading fail
/pnfs/user/taxidata/2013-12-11/174500.DAT : loading fail
/pnfs/user/taxidata/2013-12-11/174730.DAT : loading fail
/pnfs/user/taxidata/2013-12-11/175000.DAT : loading fail
/pnfs/user/taxidata/2013-12-11/175230.DAT : loading fail
/pnfs/user/taxidata/2013-12-11/175500.DAT : loading fail
/pnfs/user/taxidata/2013-12-11/175730.DAT : loading fail
/pnfs/user/taxidata/2013-12-11/180000.DAT : loading fail
/pnfs/user/taxidata/2013-12-11/180230.DAT : loading fail
/pnfs/user/taxidata/2013-12-11/180500.DAT : loading fail
/pnfs/user/taxidata/2013-12-11/180730.DAT : loading fail
/pnfs/user/taxidata/2013-12-11/181000.DAT : loading fail
/pnfs/user/taxidata/2013-12-11/181230.DAT : loading fail
/pnfs/user/taxidata/2013-12-11/181500.DAT : loading fail
/pnfs/user/taxidata/2013-12-11/181730.DAT : loading fail
/pnfs/user/taxidata/2013-12-11/182000.DAT : loading fail
/pnfs/user/taxidata/2013-12-11/182230.DAT : loading fail
/pnfs/user/taxidata/2013-12-11/182500.DAT : loading fail
/pnfs/user/taxidata/2013-12-11/182730.DAT : loading fail
/pnfs/user/taxidata/2013-12-11/183000.DAT : loading fail
/pnfs/user/taxidata/2013-12-11/183230.DAT : loading fail
/pnfs/user/taxidata/2013-12-11/183500.DAT : loading fail
/pnfs/user/taxidata/2013-12-11/183730.DAT : loading fail
/pnfs/user/taxidata/2013-12-11/184000.DAT : loading fail
/pnfs/user/taxidata/2013-12-11/184230.DAT : loading fail
/pnfs/user/taxidata/2013-12-11/184500.DAT : loading fail
/pnfs/user/taxidata/2013-12-11/184730.DAT : loading fail
/pnfs/user/taxidata/2013-12-11/185000.DAT : loading fail
/pnfs/user/taxidata/2013-12-11/185230.DAT : loading fail
/pnfs/user/taxidata/2013-12-11/185500.DAT : loading fail
/pnfs/user/taxidata/2013-12-11/185730.DAT : loading fail
/pnfs/user/taxidata/2013-12-11/190000.DAT : loading fail
/pnfs/user/taxidata/2013-12-11/190230.DAT : loading fail
/pnfs/user/taxidata/2013-12-11/190500.DAT : loading fail
/pnfs/user/taxidata/2013-12-11/190730.DAT : loading fail
/pnfs/user/taxidata/2013-12-11/191000.DAT : loading fail
/pnfs/user/taxidata/2013-12-11/191230.DAT : loading fail
/pnfs/user/taxidata/2013-12-11/191500.DAT : loading fail
/pnfs/user/taxidata/2013-12-11/191730.DAT : loading fail
/pnfs/user/taxidata/2013-12-11/192000.DAT : loading fail
/pnfs/user/taxidata/2013-12-11/192230.DAT : loading fail
/pnfs/user/taxidata/2013-12-11/192500.DAT : loading fail
/pnfs/user/taxidata/2013-12-11/192730.DAT : loading fail
/pnfs/user/taxidata/2013-12-11/193000.DAT : loading fail
/pnfs/user/taxidata/2013-12-11/193230.DAT : loading fail
/pnfs/user/taxidata/2013-12-11/193500.DAT : loading fail
/pnfs/user/taxidata/2013-12-11/193730.DAT : loading fail
/pnfs/user/taxidata/2013-12-11/194000.DAT : loading fail
/pnfs/user/taxidata/2013-12-11/194230.DAT : loading fail
/pnfs/user/taxidata/2013-12-11/194500.DAT : loading fail
/pnfs/user/taxidata/2013-12-11/194730.DAT : loading fail
/pnfs/user/taxidata/2013-12-11/195000.DAT : loading fail
/pnfs/user/taxidata/2013-12-11/195230.DAT : loading fail
/pnfs/user/taxidata/2013-12-11/195500.DAT : loading fail
/pnfs/user/taxidata/2013-12-11/195730.DAT : loading fail
/pnfs/user/taxidata/2013-12-11/200000.DAT : loading fail
/pnfs/user/taxidata/2013-12-11/200230.DAT : loading fail
/pnfs/user/taxidata/2013-12-11/200500.DAT : loading fail
/pnfs/user/taxidata/2013-12-11/200730.DAT : loading fail
/pnfs/user/taxidata/2013-12-11/201000.DAT : loading fail
/pnfs/user/taxidata/2013-12-11/201230.DAT : loading fail
/pnfs/user/taxidata/2013-12-11/201500.DAT : loading fail
/pnfs/user/taxidata/2013-12-11/201730.DAT : loading fail
/pnfs/user/taxidata/2013-12-11/202000.DAT : loading fail
/pnfs/user/taxidata/2013-12-11/202230.DAT : loading fail
/pnfs/user/taxidata/2013-12-11/202500.DAT : loading fail
/pnfs/user/taxidata/2013-12-11/202730.DAT : loading fail
/pnfs/user/taxidata/2013-12-11/203000.DAT : loading fail
/pnfs/user/taxidata/2013-12-11/203230.DAT : loading fail
/pnfs/user/taxidata/2013-12-11/203500.DAT : loading fail
/pnfs/user/taxidata/2013-12-11/203730.DAT : loading fail
/pnfs/user/taxidata/2013-12-11/204000.DAT : loading fail
/pnfs/user/taxidata/2013-12-11/204230.DAT : loading fail
/pnfs/user/taxidata/2013-12-11/204500.DAT : loading fail
/pnfs/user/taxidata/2013-12-11/204730.DAT : loading fail
/pnfs/user/taxidata/2013-12-11/205000.DAT : loading fail
/pnfs/user/taxidata/2013-12-11/205230.DAT : loading fail
/pnfs/user/taxidata/2013-12-11/205500.DAT : loading fail
/pnfs/user/taxidata/2013-12-11/205730.DAT : loading fail
/pnfs/user/taxidata/2013-12-11/210000.DAT : loading fail
/pnfs/user/taxidata/2013-12-11/210230.DAT : loading fail
/pnfs/user/taxidata/2013-12-11/210500.DAT : loading fail
/pnfs/user/taxidata/2013-12-11/210730.DAT : loading fail
/pnfs/user/taxidata/2013-12-11/211000.DAT : loading fail
/pnfs/user/taxidata/2013-12-11/211230.DAT : loading fail
/pnfs/user/taxidata/2013-12-11/211500.DAT : loading fail
/pnfs/user/taxidata/2013-12-11/211730.DAT : loading fail
/pnfs/user/taxidata/2013-12-11/212000.DAT : loading fail
/pnfs/user/taxidata/2013-12-11/212230.DAT : loading fail
/pnfs/user/taxidata/2013-12-11/212500.DAT : loading fail
/pnfs/user/taxidata/2013-12-11/212730.DAT : loading fail
/pnfs/user/taxidata/2013-12-11/213000.DAT : loading fail
/pnfs/user/taxidata/2013-12-11/213230.DAT : loading fail
/pnfs/user/taxidata/2013-12-11/213500.DAT : loading fail
/pnfs/user/taxidata/2013-12-11/213730.DAT : loading fail
/pnfs/user/taxidata/2013-12-11/214000.DAT : loading fail
/pnfs/user/taxidata/2013-12-11/214230.DAT : loading fail
/pnfs/user/taxidata/2013-12-11/214500.DAT : loading fail
/pnfs/user/taxidata/2013-12-11/214730.DAT : loading fail
/pnfs/user/taxidata/2013-12-11/215000.DAT : loading fail
/pnfs/user/taxidata/2013-12-11/215230.DAT : loading fail
/pnfs/user/taxidata/2013-12-11/215500.DAT : loading fail
/pnfs/user/taxidata/2013-12-11/215730.DAT : loading fail
/pnfs/user/taxidata/2013-12-11/220000.DAT : loading fail
/pnfs/user/taxidata/2013-12-11/220230.DAT : loading fail
/pnfs/user/taxidata/2013-12-11/220500.DAT : loading fail
/pnfs/user/taxidata/2013-12-11/220730.DAT : loading fail
/pnfs/user/taxidata/2013-12-11/221000.DAT : loading fail
/pnfs/user/taxidata/2013-12-11/221230.DAT : loading fail
/pnfs/user/taxidata/2013-12-11/221500.DAT : loading fail
/pnfs/user/taxidata/2013-12-11/221730.DAT : loading fail
/pnfs/user/taxidata/2013-12-11/222000.DAT : loading fail
/pnfs/user/taxidata/2013-12-11/222230.DAT : loading fail
/pnfs/user/taxidata/2013-12-11/222500.DAT : loading fail
/pnfs/user/taxidata/2013-12-11/222730.DAT : loading fail
/pnfs/user/taxidata/2013-12-11/223000.DAT : loading fail
/pnfs/user/taxidata/2013-12-11/223230.DAT : loading fail
/pnfs/user/taxidata/2013-12-11/223500.DAT : loading fail
/pnfs/user/taxidata/2013-12-11/223730.DAT : loading fail
/pnfs/user/taxidata/2013-12-11/224000.DAT : loading fail
/pnfs/user/taxidata/2013-12-11/224230.DAT : loading fail
/pnfs/user/taxidata/2013-12-11/224500.DAT : loading fail
/pnfs/user/taxidata/2013-12-11/224730.DAT : loading fail
/pnfs/user/taxidata/2013-12-11/225000.DAT : loading fail
/pnfs/user/taxidata/2013-12-11/225230.DAT : loading fail
/pnfs/user/taxidata/2013-12-11/225500.DAT : loading fail
/pnfs/user/taxidata/2013-12-11/225730.DAT : loading fail
/pnfs/user/taxidata/2013-12-11/230000.DAT : loading fail
/pnfs/user/taxidata/2013-12-11/230230.DAT : loading fail
/pnfs/user/taxidata/2013-12-11/230500.DAT : loading fail
/pnfs/user/taxidata/2013-12-11/230730.DAT : loading fail
/pnfs/user/taxidata/2013-12-11/231000.DAT : loading fail
/pnfs/user/taxidata/2013-12-11/231230.DAT : loading fail
/pnfs/user/taxidata/2013-12-11/231500.DAT : loading fail
/pnfs/user/taxidata/2013-12-11/231730.DAT : loading fail
/pnfs/user/taxidata/2013-12-11/232000.DAT : loading fail
/pnfs/user/taxidata/2013-12-11/232230.DAT : loading fail
/pnfs/user/taxidata/2013-12-11/232500.DAT : loading fail
/pnfs/user/taxidata/2013-12-11/232730.DAT : loading fail
/pnfs/user/taxidata/2013-12-11/233000.DAT : loading fail
/pnfs/user/taxidata/2013-12-11/233230.DAT : loading fail
/pnfs/user/taxidata/2013-12-11/233500.DAT : loading fail
/pnfs/user/taxidata/2013-12-11/233730.DAT : loading fail
/pnfs/user/taxidata/2013-12-11/234000.DAT : loading fail
/pnfs/user/taxidata/2013-12-11/234230.DAT : loading fail
/pnfs/user/taxidata/2013-12-11/234500.DAT : loading fail
/pnfs/user/taxidata/2013-12-11/234730.DAT : loading fail
/pnfs/user/taxidata/2013-12-11/235000.DAT : loading fail
/pnfs/user/taxidata/2013-12-11/235230.DAT : loading fail
/pnfs/user/taxidata/2013-12-11/235500.DAT : loading fail
/pnfs/user/taxidata/2013-12-11/235730.DAT : loading fail
0 file(s) checking finished
Now working
Classification finished
/pnfs/user/taxidata/2013-12-11/000000.DAT : loading fail
/pnfs/user/taxidata/2013-12-11/000230.DAT : loading fail
/pnfs/user/taxidata/2013-12-11/000500.DAT : loading fail
/pnfs/user/taxidata/2013-12-11/000730.DAT : loading fail
/pnfs/user/taxidata/2013-12-11/001000.DAT : loading fail
/pnfs/user/taxidata/2013-12-11/001230.DAT : loading fail
/pnfs/user/taxidata/2013-12-11/001500.DAT : loading fail
/pnfs/user/taxidata/2013-12-11/001730.DAT : loading fail
/pnfs/user/taxidata/2013-12-11/002000.DAT : loading fail
/pnfs/user/taxidata/2013-12-11/002230.DAT : loading fail
/pnfs/user/taxidata/2013-12-11/002500.DAT : loading fail
/pnfs/user/taxidata/2013-12-11/002730.DAT : loading fail
/pnfs/user/taxidata/2013-12-11/003000.DAT : loading fail
/pnfs/user/taxidata/2013-12-11/003230.DAT : loading fail
/pnfs/user/taxidata/2013-12-11/003500.DAT : loading fail
/pnfs/user/taxidata/2013-12-11/003730.DAT : loading fail
/pnfs/user/taxidata/2013-12-11/004000.DAT : loading fail
/pnfs/user/taxidata/2013-12-11/004230.DAT : loading fail
/pnfs/user/taxidata/2013-12-11/004500.DAT : loading fail
/pnfs/user/taxidata/2013-12-11/004730.DAT : loading fail
/pnfs/user/taxidata/2013-12-11/005000.DAT : loading fail
/pnfs/user/taxidata/2013-12-11/005230.DAT : loading fail
/pnfs/user/taxidata/2013-12-11/005500.DAT : loading fail
/pnfs/user/taxidata/2013-12-11/005730.DAT : loading fail
/pnfs/user/taxidata/2013-12-11/010000.DAT : loading fail
/pnfs/user/taxidata/2013-12-11/010230.DAT : loading fail
/pnfs/user/taxidata/2013-12-11/010500.DAT : loading fail
/pnfs/user/taxidata/2013-12-11/010730.DAT : loading fail
/pnfs/user/taxidata/2013-12-11/011000.DAT : loading fail
/pnfs/user/taxidata/2013-12-11/011230.DAT : loading fail
/pnfs/user/taxidata/2013-12-11/011500.DAT : loading fail
/pnfs/user/taxidata/2013-12-11/011730.DAT : loading fail
/pnfs/user/taxidata/2013-12-11/012000.DAT : loading fail
/pnfs/user/taxidata/2013-12-11/012230.DAT : loading fail
/pnfs/user/taxidata/2013-12-11/012500.DAT : loading fail
/pnfs/user/taxidata/2013-12-11/012730.DAT : loading fail
/pnfs/user/taxidata/2013-12-11/013000.DAT : loading fail
/pnfs/user/taxidata/2013-12-11/013230.DAT : loading fail
/pnfs/user/taxidata/2013-12-11/013500.DAT : loading fail
/pnfs/user/taxidata/2013-12-11/013730.DAT : loading fail
/pnfs/user/taxidata/2013-12-11/014000.DAT : loading fail
/pnfs/user/taxidata/2013-12-11/014230.DAT : loading fail
/pnfs/user/taxidata/2013-12-11/014500.DAT : loading fail
/pnfs/user/taxidata/2013-12-11/014730.DAT : loading fail
/pnfs/user/taxidata/2013-12-11/015000.DAT : loading fail
/pnfs/user/taxidata/2013-12-11/015230.DAT : loading fail
/pnfs/user/taxidata/2013-12-11/015500.DAT : loading fail
/pnfs/user/taxidata/2013-12-11/015730.DAT : loading fail
/pnfs/user/taxidata/2013-12-11/020000.DAT : loading fail
/pnfs/user/taxidata/2013-12-11/020230.DAT : loading fail
/pnfs/user/taxidata/2013-12-11/020500.DAT : loading fail
/pnfs/user/taxidata/2013-12-11/020730.DAT : loading fail
/pnfs/user/taxidata/2013-12-11/021000.DAT : loading fail
/pnfs/user/taxidata/2013-12-11/021230.DAT : loading fail
/pnfs/user/taxidata/2013-12-11/021500.DAT : loading fail
/pnfs/user/taxidata/2013-12-11/021730.DAT : loading fail
/pnfs/user/taxidata/2013-12-11/022000.DAT : loading fail
/pnfs/user/taxidata/2013-12-11/022230.DAT : loading fail
/pnfs/user/taxidata/2013-12-11/022500.DAT : loading fail
/pnfs/user/taxidata/2013-12-11/022730.DAT : loading fail
/pnfs/user/taxidata/2013-12-11/023000.DAT : loading fail
/pnfs/user/taxidata/2013-12-11/023230.DAT : loading fail
/pnfs/user/taxidata/2013-12-11/023500.DAT : loading fail
/pnfs/user/taxidata/2013-12-11/023730.DAT : loading fail
/pnfs/user/taxidata/2013-12-11/024000.DAT : loading fail
/pnfs/user/taxidata/2013-12-11/024230.DAT : loading fail
/pnfs/user/taxidata/2013-12-11/024500.DAT : loading fail
/pnfs/user/taxidata/2013-12-11/024730.DAT : loading fail
/pnfs/user/taxidata/2013-12-11/025000.DAT : loading fail
/pnfs/user/taxidata/2013-12-11/025230.DAT : loading fail
/pnfs/user/taxidata/2013-12-11/025500.DAT : loading fail
/pnfs/user/taxidata/2013-12-11/025730.DAT : loading fail
/pnfs/user/taxidata/2013-12-11/030000.DAT : loading fail
/pnfs/user/taxidata/2013-12-11/030230.DAT : loading fail
/pnfs/user/taxidata/2013-12-11/030500.DAT : loading fail
/pnfs/user/taxidata/2013-12-11/030730.DAT : loading fail
/pnfs/user/taxidata/2013-12-11/031000.DAT : loading fail
/pnfs/user/taxidata/2013-12-11/031230.DAT : loading fail
/pnfs/user/taxidata/2013-12-11/031500.DAT : loading fail
/pnfs/user/taxidata/2013-12-11/031730.DAT : loading fail
/pnfs/user/taxidata/2013-12-11/032000.DAT : loading fail
/pnfs/user/taxidata/2013-12-11/032230.DAT : loading fail
/pnfs/user/taxidata/2013-12-11/032500.DAT : loading fail
/pnfs/user/taxidata/2013-12-11/032730.DAT : loading fail
/pnfs/user/taxidata/2013-12-11/033000.DAT : loading fail
/pnfs/user/taxidata/2013-12-11/033230.DAT : loading fail
/pnfs/user/taxidata/2013-12-11/033500.DAT : loading fail
/pnfs/user/taxidata/2013-12-11/033730.DAT : loading fail
/pnfs/user/taxidata/2013-12-11/034000.DAT : loading fail
/pnfs/user/taxidata/2013-12-11/034230.DAT : loading fail
/pnfs/user/taxidata/2013-12-11/034500.DAT : loading fail
/pnfs/user/taxidata/2013-12-11/034730.DAT : loading fail
/pnfs/user/taxidata/2013-12-11/035000.DAT : loading fail
/pnfs/user/taxidata/2013-12-11/035230.DAT : loading fail
/pnfs/user/taxidata/2013-12-11/035500.DAT : loading fail
/pnfs/user/taxidata/2013-12-11/035730.DAT : loading fail
/pnfs/user/taxidata/2013-12-11/040000.DAT : loading fail
/pnfs/user/taxidata/2013-12-11/040230.DAT : loading fail
/pnfs/user/taxidata/2013-12-11/040500.DAT : loading fail
/pnfs/user/taxidata/2013-12-11/040730.DAT : loading fail
/pnfs/user/taxidata/2013-12-11/041000.DAT : loading fail
/pnfs/user/taxidata/2013-12-11/041230.DAT : loading fail
/pnfs/user/taxidata/2013-12-11/041500.DAT : loading fail
/pnfs/user/taxidata/2013-12-11/041730.DAT : loading fail
/pnfs/user/taxidata/2013-12-11/042000.DAT : loading fail
/pnfs/user/taxidata/2013-12-11/042230.DAT : loading fail
/pnfs/user/taxidata/2013-12-11/042500.DAT : loading fail
/pnfs/user/taxidata/2013-12-11/042730.DAT : loading fail
/pnfs/user/taxidata/2013-12-11/043000.DAT : loading fail
/pnfs/user/taxidata/2013-12-11/043230.DAT : loading fail
/pnfs/user/taxidata/2013-12-11/043500.DAT : loading fail
/pnfs/user/taxidata/2013-12-11/043730.DAT : loading fail
/pnfs/user/taxidata/2013-12-11/044000.DAT : loading fail
/pnfs/user/taxidata/2013-12-11/044230.DAT : loading fail
/pnfs/user/taxidata/2013-12-11/044500.DAT : loading fail
/pnfs/user/taxidata/2013-12-11/044730.DAT : loading fail
/pnfs/user/taxidata/2013-12-11/045000.DAT : loading fail
/pnfs/user/taxidata/2013-12-11/045230.DAT : loading fail
/pnfs/user/taxidata/2013-12-11/045500.DAT : loading fail
/pnfs/user/taxidata/2013-12-11/045730.DAT : loading fail
/pnfs/user/taxidata/2013-12-11/050000.DAT : loading fail
/pnfs/user/taxidata/2013-12-11/050230.DAT : loading fail
/pnfs/user/taxidata/2013-12-11/050500.DAT : loading fail
/pnfs/user/taxidata/2013-12-11/050730.DAT : loading fail
/pnfs/user/taxidata/2013-12-11/051000.DAT : loading fail
/pnfs/user/taxidata/2013-12-11/051230.DAT : loading fail
/pnfs/user/taxidata/2013-12-11/051500.DAT : loading fail
/pnfs/user/taxidata/2013-12-11/051730.DAT : loading fail
/pnfs/user/taxidata/2013-12-11/052000.DAT : loading fail
/pnfs/user/taxidata/2013-12-11/052230.DAT : loading fail
/pnfs/user/taxidata/2013-12-11/052500.DAT : loading fail
/pnfs/user/taxidata/2013-12-11/052730.DAT : loading fail
/pnfs/user/taxidata/2013-12-11/053000.DAT : loading fail
/pnfs/user/taxidata/2013-12-11/053230.DAT : loading fail
/pnfs/user/taxidata/2013-12-11/053500.DAT : loading fail
/pnfs/user/taxidata/2013-12-11/053730.DAT : loading fail
/pnfs/user/taxidata/2013-12-11/054000.DAT : loading fail
/pnfs/user/taxidata/2013-12-11/054230.DAT : loading fail
/pnfs/user/taxidata/2013-12-11/054500.DAT : loading fail
/pnfs/user/taxidata/2013-12-11/054730.DAT : loading fail
/pnfs/user/taxidata/2013-12-11/055000.DAT : loading fail
/pnfs/user/taxidata/2013-12-11/055230.DAT : loading fail
/pnfs/user/taxidata/2013-12-11/055500.DAT : loading fail
/pnfs/user/taxidata/2013-12-11/055730.DAT : loading fail
/pnfs/user/taxidata/2013-12-11/060000.DAT : loading fail
/pnfs/user/taxidata/2013-12-11/060230.DAT : loading fail
/pnfs/user/taxidata/2013-12-11/060500.DAT : loading fail
/pnfs/user/taxidata/2013-12-11/060730.DAT : loading fail
/pnfs/user/taxidata/2013-12-11/061000.DAT : loading fail
/pnfs/user/taxidata/2013-12-11/061230.DAT : loading fail
/pnfs/user/taxidata/2013-12-11/061500.DAT : loading fail
/pnfs/user/taxidata/2013-12-11/061730.DAT : loading fail
/pnfs/user/taxidata/2013-12-11/062000.DAT : loading fail
/pnfs/user/taxidata/2013-12-11/062230.DAT : loading fail
/pnfs/user/taxidata/2013-12-11/062500.DAT : loading fail
/pnfs/user/taxidata/2013-12-11/062730.DAT : loading fail
/pnfs/user/taxidata/2013-12-11/063000.DAT : loading fail
/pnfs/user/taxidata/2013-12-11/063230.DAT : loading fail
/pnfs/user/taxidata/2013-12-11/063500.DAT : loading fail
/pnfs/user/taxidata/2013-12-11/063730.DAT : loading fail
/pnfs/user/taxidata/2013-12-11/064000.DAT : loading fail
/pnfs/user/taxidata/2013-12-11/064230.DAT : loading fail
/pnfs/user/taxidata/2013-12-11/064500.DAT : loading fail
/pnfs/user/taxidata/2013-12-11/064730.DAT : loading fail
/pnfs/user/taxidata/2013-12-11/065000.DAT : loading fail
/pnfs/user/taxidata/2013-12-11/065230.DAT : loading fail
/pnfs/user/taxidata/2013-12-11/065500.DAT : loading fail
/pnfs/user/taxidata/2013-12-11/065730.DAT : loading fail
/pnfs/user/taxidata/2013-12-11/070000.DAT : loading fail
/pnfs/user/taxidata/2013-12-11/070230.DAT : loading fail
/pnfs/user/taxidata/2013-12-11/070500.DAT : loading fail
/pnfs/user/taxidata/2013-12-11/070730.DAT : loading fail
/pnfs/user/taxidata/2013-12-11/071000.DAT : loading fail
/pnfs/user/taxidata/2013-12-11/071230.DAT : loading fail
/pnfs/user/taxidata/2013-12-11/071500.DAT : loading fail
/pnfs/user/taxidata/2013-12-11/071730.DAT : loading fail
/pnfs/user/taxidata/2013-12-11/072000.DAT : loading fail
/pnfs/user/taxidata/2013-12-11/072230.DAT : loading fail
/pnfs/user/taxidata/2013-12-11/072500.DAT : loading fail
/pnfs/user/taxidata/2013-12-11/072730.DAT : loading fail
/pnfs/user/taxidata/2013-12-11/073000.DAT : loading fail
/pnfs/user/taxidata/2013-12-11/073230.DAT : loading fail
/pnfs/user/taxidata/2013-12-11/073500.DAT : loading fail
/pnfs/user/taxidata/2013-12-11/073730.DAT : loading fail
/pnfs/user/taxidata/2013-12-11/074000.DAT : loading fail
/pnfs/user/taxidata/2013-12-11/074230.DAT : loading fail
/pnfs/user/taxidata/2013-12-11/074500.DAT : loading fail
/pnfs/user/taxidata/2013-12-11/074730.DAT : loading fail
/pnfs/user/taxidata/2013-12-11/075000.DAT : loading fail
/pnfs/user/taxidata/2013-12-11/075230.DAT : loading fail
/pnfs/user/taxidata/2013-12-11/075500.DAT : loading fail
/pnfs/user/taxidata/2013-12-11/075730.DAT : loading fail
/pnfs/user/taxidata/2013-12-11/080000.DAT : loading fail
/pnfs/user/taxidata/2013-12-11/080230.DAT : loading fail
/pnfs/user/taxidata/2013-12-11/080500.DAT : loading fail
/pnfs/user/taxidata/2013-12-11/080730.DAT : loading fail
/pnfs/user/taxidata/2013-12-11/081000.DAT : loading fail
/pnfs/user/taxidata/2013-12-11/081230.DAT : loading fail
/pnfs/user/taxidata/2013-12-11/081500.DAT : loading fail
/pnfs/user/taxidata/2013-12-11/081730.DAT : loading fail
/pnfs/user/taxidata/2013-12-11/082000.DAT : loading fail
/pnfs/user/taxidata/2013-12-11/082230.DAT : loading fail
/pnfs/user/taxidata/2013-12-11/082500.DAT : loading fail
/pnfs/user/taxidata/2013-12-11/082730.DAT : loading fail
/pnfs/user/taxidata/2013-12-11/083000.DAT : loading fail
/pnfs/user/taxidata/2013-12-11/083230.DAT : loading fail
/pnfs/user/taxidata/2013-12-11/083500.DAT : loading fail
/pnfs/user/taxidata/2013-12-11/083730.DAT : loading fail
/pnfs/user/taxidata/2013-12-11/084000.DAT : loading fail
/pnfs/user/taxidata/2013-12-11/084230.DAT : loading fail
/pnfs/user/taxidata/2013-12-11/084500.DAT : loading fail
/pnfs/user/taxidata/2013-12-11/084730.DAT : loading fail
/pnfs/user/taxidata/2013-12-11/085000.DAT : loading fail
/pnfs/user/taxidata/2013-12-11/085230.DAT : loading fail
/pnfs/user/taxidata/2013-12-11/085500.DAT : loading fail
/pnfs/user/taxidata/2013-12-11/085730.DAT : loading fail
/pnfs/user/taxidata/2013-12-11/090000.DAT : loading fail
/pnfs/user/taxidata/2013-12-11/090230.DAT : loading fail
/pnfs/user/taxidata/2013-12-11/090500.DAT : loading fail
/pnfs/user/taxidata/2013-12-11/090730.DAT : loading fail
/pnfs/user/taxidata/2013-12-11/091000.DAT : loading fail
/pnfs/user/taxidata/2013-12-11/091230.DAT : loading fail
/pnfs/user/taxidata/2013-12-11/091500.DAT : loading fail
/pnfs/user/taxidata/2013-12-11/091730.DAT : loading fail
/pnfs/user/taxidata/2013-12-11/092000.DAT : loading fail
/pnfs/user/taxidata/2013-12-11/092230.DAT : loading fail
/pnfs/user/taxidata/2013-12-11/092500.DAT : loading fail
/pnfs/user/taxidata/2013-12-11/092730.DAT : loading fail
/pnfs/user/taxidata/2013-12-11/093000.DAT : loading fail
/pnfs/user/taxidata/2013-12-11/093230.DAT : loading fail
/pnfs/user/taxidata/2013-12-11/093500.DAT : loading fail
/pnfs/user/taxidata/2013-12-11/093730.DAT : loading fail
/pnfs/user/taxidata/2013-12-11/094000.DAT : loading fail
/pnfs/user/taxidata/2013-12-11/094230.DAT : loading fail
/pnfs/user/taxidata/2013-12-11/094500.DAT : loading fail
/pnfs/user/taxidata/2013-12-11/094730.DAT : loading fail
/pnfs/user/taxidata/2013-12-11/095000.DAT : loading fail
/pnfs/user/taxidata/2013-12-11/095230.DAT : loading fail
/pnfs/user/taxidata/2013-12-11/095500.DAT : loading fail
/pnfs/user/taxidata/2013-12-11/095730.DAT : loading fail
/pnfs/user/taxidata/2013-12-11/100000.DAT : loading fail
/pnfs/user/taxidata/2013-12-11/100230.DAT : loading fail
/pnfs/user/taxidata/2013-12-11/100500.DAT : loading fail
/pnfs/user/taxidata/2013-12-11/100730.DAT : loading fail
/pnfs/user/taxidata/2013-12-11/101000.DAT : loading fail
/pnfs/user/taxidata/2013-12-11/101230.DAT : loading fail
/pnfs/user/taxidata/2013-12-11/101500.DAT : loading fail
/pnfs/user/taxidata/2013-12-11/101730.DAT : loading fail
/pnfs/user/taxidata/2013-12-11/102000.DAT : loading fail
/pnfs/user/taxidata/2013-12-11/102230.DAT : loading fail
/pnfs/user/taxidata/2013-12-11/102500.DAT : loading fail
/pnfs/user/taxidata/2013-12-11/102730.DAT : loading fail
/pnfs/user/taxidata/2013-12-11/103000.DAT : loading fail
/pnfs/user/taxidata/2013-12-11/103230.DAT : loading fail
/pnfs/user/taxidata/2013-12-11/103500.DAT : loading fail
/pnfs/user/taxidata/2013-12-11/103730.DAT : loading fail
/pnfs/user/taxidata/2013-12-11/104000.DAT : loading fail
/pnfs/user/taxidata/2013-12-11/104230.DAT : loading fail
/pnfs/user/taxidata/2013-12-11/104500.DAT : loading fail
/pnfs/user/taxidata/2013-12-11/104730.DAT : loading fail
/pnfs/user/taxidata/2013-12-11/105000.DAT : loading fail
/pnfs/user/taxidata/2013-12-11/105230.DAT : loading fail
/pnfs/user/taxidata/2013-12-11/105500.DAT : loading fail
/pnfs/user/taxidata/2013-12-11/105730.DAT : loading fail
/pnfs/user/taxidata/2013-12-11/110000.DAT : loading fail
/pnfs/user/taxidata/2013-12-11/110230.DAT : loading fail
/pnfs/user/taxidata/2013-12-11/110500.DAT : loading fail
/pnfs/user/taxidata/2013-12-11/110730.DAT : loading fail
/pnfs/user/taxidata/2013-12-11/111000.DAT : loading fail
/pnfs/user/taxidata/2013-12-11/111230.DAT : loading fail
/pnfs/user/taxidata/2013-12-11/111500.DAT : loading fail
/pnfs/user/taxidata/2013-12-11/111730.DAT : loading fail
/pnfs/user/taxidata/2013-12-11/112000.DAT : loading fail
/pnfs/user/taxidata/2013-12-11/112230.DAT : loading fail
/pnfs/user/taxidata/2013-12-11/112500.DAT : loading fail
/pnfs/user/taxidata/2013-12-11/112730.DAT : loading fail
/pnfs/user/taxidata/2013-12-11/113000.DAT : loading fail
/pnfs/user/taxidata/2013-12-11/113230.DAT : loading fail
/pnfs/user/taxidata/2013-12-11/113500.DAT : loading fail
/pnfs/user/taxidata/2013-12-11/113730.DAT : loading fail
/pnfs/user/taxidata/2013-12-11/114000.DAT : loading fail
/pnfs/user/taxidata/2013-12-11/114230.DAT : loading fail
/pnfs/user/taxidata/2013-12-11/114500.DAT : loading fail
/pnfs/user/taxidata/2013-12-11/114730.DAT : loading fail
/pnfs/user/taxidata/2013-12-11/115000.DAT : loading fail
/pnfs/user/taxidata/2013-12-11/115230.DAT : loading fail
/pnfs/user/taxidata/2013-12-11/115500.DAT : loading fail
/pnfs/user/taxidata/2013-12-11/115730.DAT : loading fail
/pnfs/user/taxidata/2013-12-11/120000.DAT : loading fail
/pnfs/user/taxidata/2013-12-11/120230.DAT : loading fail
/pnfs/user/taxidata/2013-12-11/120500.DAT : loading fail
/pnfs/user/taxidata/2013-12-11/120730.DAT : loading fail
/pnfs/user/taxidata/2013-12-11/121000.DAT : loading fail
/pnfs/user/taxidata/2013-12-11/121230.DAT : loading fail
/pnfs/user/taxidata/2013-12-11/121500.DAT : loading fail
/pnfs/user/taxidata/2013-12-11/121730.DAT : loading fail
/pnfs/user/taxidata/2013-12-11/122000.DAT : loading fail
/pnfs/user/taxidata/2013-12-11/122230.DAT : loading fail
/pnfs/user/taxidata/2013-12-11/122500.DAT : loading fail
/pnfs/user/taxidata/2013-12-11/122730.DAT : loading fail
/pnfs/user/taxidata/2013-12-11/123000.DAT : loading fail
/pnfs/user/taxidata/2013-12-11/123230.DAT : loading fail
/pnfs/user/taxidata/2013-12-11/123500.DAT : loading fail
/pnfs/user/taxidata/2013-12-11/123730.DAT : loading fail
/pnfs/user/taxidata/2013-12-11/124000.DAT : loading fail
/pnfs/user/taxidata/2013-12-11/124230.DAT : loading fail
/pnfs/user/taxidata/2013-12-11/124500.DAT : loading fail
/pnfs/user/taxidata/2013-12-11/124730.DAT : loading fail
/pnfs/user/taxidata/2013-12-11/125000.DAT : loading fail
/pnfs/user/taxidata/2013-12-11/125230.DAT : loading fail
/pnfs/user/taxidata/2013-12-11/125500.DAT : loading fail
/pnfs/user/taxidata/2013-12-11/125730.DAT : loading fail
/pnfs/user/taxidata/2013-12-11/130000.DAT : loading fail
/pnfs/user/taxidata/2013-12-11/130230.DAT : loading fail
/pnfs/user/taxidata/2013-12-11/130500.DAT : loading fail
/pnfs/user/taxidata/2013-12-11/130730.DAT : loading fail
/pnfs/user/taxidata/2013-12-11/131000.DAT : loading fail
/pnfs/user/taxidata/2013-12-11/131230.DAT : loading fail
/pnfs/user/taxidata/2013-12-11/131500.DAT : loading fail
/pnfs/user/taxidata/2013-12-11/131730.DAT : loading fail
/pnfs/user/taxidata/2013-12-11/132000.DAT : loading fail
/pnfs/user/taxidata/2013-12-11/132230.DAT : loading fail
/pnfs/user/taxidata/2013-12-11/132500.DAT : loading fail
/pnfs/user/taxidata/2013-12-11/132730.DAT : loading fail
/pnfs/user/taxidata/2013-12-11/133000.DAT : loading fail
/pnfs/user/taxidata/2013-12-11/133230.DAT : loading fail
/pnfs/user/taxidata/2013-12-11/133500.DAT : loading fail
/pnfs/user/taxidata/2013-12-11/133730.DAT : loading fail
/pnfs/user/taxidata/2013-12-11/134000.DAT : loading fail
/pnfs/user/taxidata/2013-12-11/134230.DAT : loading fail
/pnfs/user/taxidata/2013-12-11/134500.DAT : loading fail
/pnfs/user/taxidata/2013-12-11/134730.DAT : loading fail
/pnfs/user/taxidata/2013-12-11/135000.DAT : loading fail
/pnfs/user/taxidata/2013-12-11/135230.DAT : loading fail
/pnfs/user/taxidata/2013-12-11/135500.DAT : loading fail
/pnfs/user/taxidata/2013-12-11/135730.DAT : loading fail
/pnfs/user/taxidata/2013-12-11/140000.DAT : loading fail
/pnfs/user/taxidata/2013-12-11/140230.DAT : loading fail
/pnfs/user/taxidata/2013-12-11/140500.DAT : loading fail
/pnfs/user/taxidata/2013-12-11/140730.DAT : loading fail
/pnfs/user/taxidata/2013-12-11/141000.DAT : loading fail
/pnfs/user/taxidata/2013-12-11/141230.DAT : loading fail
/pnfs/user/taxidata/2013-12-11/141500.DAT : loading fail
/pnfs/user/taxidata/2013-12-11/141730.DAT : loading fail
/pnfs/user/taxidata/2013-12-11/142000.DAT : loading fail
/pnfs/user/taxidata/2013-12-11/142230.DAT : loading fail
/pnfs/user/taxidata/2013-12-11/142500.DAT : loading fail
/pnfs/user/taxidata/2013-12-11/142730.DAT : loading fail
/pnfs/user/taxidata/2013-12-11/143000.DAT : loading fail
/pnfs/user/taxidata/2013-12-11/143230.DAT : loading fail
/pnfs/user/taxidata/2013-12-11/143500.DAT : loading fail
/pnfs/user/taxidata/2013-12-11/143730.DAT : loading fail
/pnfs/user/taxidata/2013-12-11/144000.DAT : loading fail
/pnfs/user/taxidata/2013-12-11/144230.DAT : loading fail
/pnfs/user/taxidata/2013-12-11/144500.DAT : loading fail
/pnfs/user/taxidata/2013-12-11/144730.DAT : loading fail
/pnfs/user/taxidata/2013-12-11/145000.DAT : loading fail
/pnfs/user/taxidata/2013-12-11/145230.DAT : loading fail
/pnfs/user/taxidata/2013-12-11/145500.DAT : loading fail
/pnfs/user/taxidata/2013-12-11/145730.DAT : loading fail
/pnfs/user/taxidata/2013-12-11/150000.DAT : loading fail
/pnfs/user/taxidata/2013-12-11/150230.DAT : loading fail
/pnfs/user/taxidata/2013-12-11/150500.DAT : loading fail
/pnfs/user/taxidata/2013-12-11/150730.DAT : loading fail
/pnfs/user/taxidata/2013-12-11/151000.DAT : loading fail
/pnfs/user/taxidata/2013-12-11/151230.DAT : loading fail
/pnfs/user/taxidata/2013-12-11/151500.DAT : loading fail
/pnfs/user/taxidata/2013-12-11/151730.DAT : loading fail
/pnfs/user/taxidata/2013-12-11/152000.DAT : loading fail
/pnfs/user/taxidata/2013-12-11/152230.DAT : loading fail
/pnfs/user/taxidata/2013-12-11/152500.DAT : loading fail
/pnfs/user/taxidata/2013-12-11/152730.DAT : loading fail
/pnfs/user/taxidata/2013-12-11/153000.DAT : loading fail
/pnfs/user/taxidata/2013-12-11/153230.DAT : loading fail
/pnfs/user/taxidata/2013-12-11/153500.DAT : loading fail
/pnfs/user/taxidata/2013-12-11/153730.DAT : loading fail
/pnfs/user/taxidata/2013-12-11/154000.DAT : loading fail
/pnfs/user/taxidata/2013-12-11/154230.DAT : loading fail
/pnfs/user/taxidata/2013-12-11/154500.DAT : loading fail
/pnfs/user/taxidata/2013-12-11/154730.DAT : loading fail
/pnfs/user/taxidata/2013-12-11/155000.DAT : loading fail
/pnfs/user/taxidata/2013-12-11/155230.DAT : loading fail
/pnfs/user/taxidata/2013-12-11/155500.DAT : loading fail
/pnfs/user/taxidata/2013-12-11/155730.DAT : loading fail
/pnfs/user/taxidata/2013-12-11/160000.DAT : loading fail
/pnfs/user/taxidata/2013-12-11/160230.DAT : loading fail
/pnfs/user/taxidata/2013-12-11/160500.DAT : loading fail
/pnfs/user/taxidata/2013-12-11/160730.DAT : loading fail
/pnfs/user/taxidata/2013-12-11/161000.DAT : loading fail
/pnfs/user/taxidata/2013-12-11/161230.DAT : loading fail
/pnfs/user/taxidata/2013-12-11/161500.DAT : loading fail
/pnfs/user/taxidata/2013-12-11/161730.DAT : loading fail
/pnfs/user/taxidata/2013-12-11/162000.DAT : loading fail
/pnfs/user/taxidata/2013-12-11/162230.DAT : loading fail
/pnfs/user/taxidata/2013-12-11/162500.DAT : loading fail
/pnfs/user/taxidata/2013-12-11/162730.DAT : loading fail
/pnfs/user/taxidata/2013-12-11/163000.DAT : loading fail
/pnfs/user/taxidata/2013-12-11/163230.DAT : loading fail
/pnfs/user/taxidata/2013-12-11/163500.DAT : loading fail
/pnfs/user/taxidata/2013-12-11/163730.DAT : loading fail
/pnfs/user/taxidata/2013-12-11/164000.DAT : loading fail
/pnfs/user/taxidata/2013-12-11/164230.DAT : loading fail
/pnfs/user/taxidata/2013-12-11/164500.DAT : loading fail
/pnfs/user/taxidata/2013-12-11/164730.DAT : loading fail
/pnfs/user/taxidata/2013-12-11/165000.DAT : loading fail
/pnfs/user/taxidata/2013-12-11/165230.DAT : loading fail
/pnfs/user/taxidata/2013-12-11/165500.DAT : loading fail
/pnfs/user/taxidata/2013-12-11/165730.DAT : loading fail
/pnfs/user/taxidata/2013-12-11/170000.DAT : loading fail
/pnfs/user/taxidata/2013-12-11/170230.DAT : loading fail
/pnfs/user/taxidata/2013-12-11/170500.DAT : loading fail
/pnfs/user/taxidata/2013-12-11/170730.DAT : loading fail
/pnfs/user/taxidata/2013-12-11/171000.DAT : loading fail
/pnfs/user/taxidata/2013-12-11/171230.DAT : loading fail
/pnfs/user/taxidata/2013-12-11/171500.DAT : loading fail
/pnfs/user/taxidata/2013-12-11/171730.DAT : loading fail
/pnfs/user/taxidata/2013-12-11/172000.DAT : loading fail
/pnfs/user/taxidata/2013-12-11/172230.DAT : loading fail
/pnfs/user/taxidata/2013-12-11/172500.DAT : loading fail
/pnfs/user/taxidata/2013-12-11/172730.DAT : loading fail
/pnfs/user/taxidata/2013-12-11/173000.DAT : loading fail
/pnfs/user/taxidata/2013-12-11/173230.DAT : loading fail
/pnfs/user/taxidata/2013-12-11/173500.DAT : loading fail
/pnfs/user/taxidata/2013-12-11/173730.DAT : loading fail
/pnfs/user/taxidata/2013-12-11/174000.DAT : loading fail
/pnfs/user/taxidata/2013-12-11/174230.DAT : loading fail
/pnfs/user/taxidata/2013-12-11/174500.DAT : loading fail
/pnfs/user/taxidata/2013-12-11/174730.DAT : loading fail
/pnfs/user/taxidata/2013-12-11/175000.DAT : loading fail
/pnfs/user/taxidata/2013-12-11/175230.DAT : loading fail
/pnfs/user/taxidata/2013-12-11/175500.DAT : loading fail
/pnfs/user/taxidata/2013-12-11/175730.DAT : loading fail
/pnfs/user/taxidata/2013-12-11/180000.DAT : loading fail
/pnfs/user/taxidata/2013-12-11/180230.DAT : loading fail
/pnfs/user/taxidata/2013-12-11/180500.DAT : loading fail
/pnfs/user/taxidata/2013-12-11/180730.DAT : loading fail
/pnfs/user/taxidata/2013-12-11/181000.DAT : loading fail
/pnfs/user/taxidata/2013-12-11/181230.DAT : loading fail
/pnfs/user/taxidata/2013-12-11/181500.DAT : loading fail
/pnfs/user/taxidata/2013-12-11/181730.DAT : loading fail
/pnfs/user/taxidata/2013-12-11/182000.DAT : loading fail
/pnfs/user/taxidata/2013-12-11/182230.DAT : loading fail
/pnfs/user/taxidata/2013-12-11/182500.DAT : loading fail
/pnfs/user/taxidata/2013-12-11/182730.DAT : loading fail
/pnfs/user/taxidata/2013-12-11/183000.DAT : loading fail
/pnfs/user/taxidata/2013-12-11/183230.DAT : loading fail
/pnfs/user/taxidata/2013-12-11/183500.DAT : loading fail
/pnfs/user/taxidata/2013-12-11/183730.DAT : loading fail
/pnfs/user/taxidata/2013-12-11/184000.DAT : loading fail
/pnfs/user/taxidata/2013-12-11/184230.DAT : loading fail
/pnfs/user/taxidata/2013-12-11/184500.DAT : loading fail
/pnfs/user/taxidata/2013-12-11/184730.DAT : loading fail
/pnfs/user/taxidata/2013-12-11/185000.DAT : loading fail
/pnfs/user/taxidata/2013-12-11/185230.DAT : loading fail
/pnfs/user/taxidata/2013-12-11/185500.DAT : loading fail
/pnfs/user/taxidata/2013-12-11/185730.DAT : loading fail
/pnfs/user/taxidata/2013-12-11/190000.DAT : loading fail
/pnfs/user/taxidata/2013-12-11/190230.DAT : loading fail
/pnfs/user/taxidata/2013-12-11/190500.DAT : loading fail
/pnfs/user/taxidata/2013-12-11/190730.DAT : loading fail
/pnfs/user/taxidata/2013-12-11/191000.DAT : loading fail
/pnfs/user/taxidata/2013-12-11/191230.DAT : loading fail
/pnfs/user/taxidata/2013-12-11/191500.DAT : loading fail
/pnfs/user/taxidata/2013-12-11/191730.DAT : loading fail
/pnfs/user/taxidata/2013-12-11/192000.DAT : loading fail
/pnfs/user/taxidata/2013-12-11/192230.DAT : loading fail
/pnfs/user/taxidata/2013-12-11/192500.DAT : loading fail
/pnfs/user/taxidata/2013-12-11/192730.DAT : loading fail
/pnfs/user/taxidata/2013-12-11/193000.DAT : loading fail
/pnfs/user/taxidata/2013-12-11/193230.DAT : loading fail
/pnfs/user/taxidata/2013-12-11/193500.DAT : loading fail
/pnfs/user/taxidata/2013-12-11/193730.DAT : loading fail
/pnfs/user/taxidata/2013-12-11/194000.DAT : loading fail
/pnfs/user/taxidata/2013-12-11/194230.DAT : loading fail
/pnfs/user/taxidata/2013-12-11/194500.DAT : loading fail
/pnfs/user/taxidata/2013-12-11/194730.DAT : loading fail
/pnfs/user/taxidata/2013-12-11/195000.DAT : loading fail
/pnfs/user/taxidata/2013-12-11/195230.DAT : loading fail
/pnfs/user/taxidata/2013-12-11/195500.DAT : loading fail
/pnfs/user/taxidata/2013-12-11/195730.DAT : loading fail
/pnfs/user/taxidata/2013-12-11/200000.DAT : loading fail
/pnfs/user/taxidata/2013-12-11/200230.DAT : loading fail
/pnfs/user/taxidata/2013-12-11/200500.DAT : loading fail
/pnfs/user/taxidata/2013-12-11/200730.DAT : loading fail
/pnfs/user/taxidata/2013-12-11/201000.DAT : loading fail
/pnfs/user/taxidata/2013-12-11/201230.DAT : loading fail
/pnfs/user/taxidata/2013-12-11/201500.DAT : loading fail
/pnfs/user/taxidata/2013-12-11/201730.DAT : loading fail
/pnfs/user/taxidata/2013-12-11/202000.DAT : loading fail
/pnfs/user/taxidata/2013-12-11/202230.DAT : loading fail
/pnfs/user/taxidata/2013-12-11/202500.DAT : loading fail
/pnfs/user/taxidata/2013-12-11/202730.DAT : loading fail
/pnfs/user/taxidata/2013-12-11/203000.DAT : loading fail
/pnfs/user/taxidata/2013-12-11/203230.DAT : loading fail
/pnfs/user/taxidata/2013-12-11/203500.DAT : loading fail
/pnfs/user/taxidata/2013-12-11/203730.DAT : loading fail
/pnfs/user/taxidata/2013-12-11/204000.DAT : loading fail
/pnfs/user/taxidata/2013-12-11/204230.DAT : loading fail
/pnfs/user/taxidata/2013-12-11/204500.DAT : loading fail
/pnfs/user/taxidata/2013-12-11/204730.DAT : loading fail
/pnfs/user/taxidata/2013-12-11/205000.DAT : loading fail
/pnfs/user/taxidata/2013-12-11/205230.DAT : loading fail
/pnfs/user/taxidata/2013-12-11/205500.DAT : loading fail
/pnfs/user/taxidata/2013-12-11/205730.DAT : loading fail
/pnfs/user/taxidata/2013-12-11/210000.DAT : loading fail
/pnfs/user/taxidata/2013-12-11/210230.DAT : loading fail
/pnfs/user/taxidata/2013-12-11/210500.DAT : loading fail
/pnfs/user/taxidata/2013-12-11/210730.DAT : loading fail
/pnfs/user/taxidata/2013-12-11/211000.DAT : loading fail
/pnfs/user/taxidata/2013-12-11/211230.DAT : loading fail
/pnfs/user/taxidata/2013-12-11/211500.DAT : loading fail
/pnfs/user/taxidata/2013-12-11/211730.DAT : loading fail
/pnfs/user/taxidata/2013-12-11/212000.DAT : loading fail
/pnfs/user/taxidata/2013-12-11/212230.DAT : loading fail
/pnfs/user/taxidata/2013-12-11/212500.DAT : loading fail
/pnfs/user/taxidata/2013-12-11/212730.DAT : loading fail
/pnfs/user/taxidata/2013-12-11/213000.DAT : loading fail
/pnfs/user/taxidata/2013-12-11/213230.DAT : loading fail
/pnfs/user/taxidata/2013-12-11/213500.DAT : loading fail
/pnfs/user/taxidata/2013-12-11/213730.DAT : loading fail
/pnfs/user/taxidata/2013-12-11/214000.DAT : loading fail
/pnfs/user/taxidata/2013-12-11/214230.DAT : loading fail
/pnfs/user/taxidata/2013-12-11/214500.DAT : loading fail
/pnfs/user/taxidata/2013-12-11/214730.DAT : loading fail
/pnfs/user/taxidata/2013-12-11/215000.DAT : loading fail
/pnfs/user/taxidata/2013-12-11/215230.DAT : loading fail
/pnfs/user/taxidata/2013-12-11/215500.DAT : loading fail
/pnfs/user/taxidata/2013-12-11/215730.DAT : loading fail
/pnfs/user/taxidata/2013-12-11/220000.DAT : loading fail
/pnfs/user/taxidata/2013-12-11/220230.DAT : loading fail
/pnfs/user/taxidata/2013-12-11/220500.DAT : loading fail
/pnfs/user/taxidata/2013-12-11/220730.DAT : loading fail
/pnfs/user/taxidata/2013-12-11/221000.DAT : loading fail
/pnfs/user/taxidata/2013-12-11/221230.DAT : loading fail
/pnfs/user/taxidata/2013-12-11/221500.DAT : loading fail
/pnfs/user/taxidata/2013-12-11/221730.DAT : loading fail
/pnfs/user/taxidata/2013-12-11/222000.DAT : loading fail
/pnfs/user/taxidata/2013-12-11/222230.DAT : loading fail
/pnfs/user/taxidata/2013-12-11/222500.DAT : loading fail
/pnfs/user/taxidata/2013-12-11/222730.DAT : loading fail
/pnfs/user/taxidata/2013-12-11/223000.DAT : loading fail
/pnfs/user/taxidata/2013-12-11/223230.DAT : loading fail
/pnfs/user/taxidata/2013-12-11/223500.DAT : loading fail
/pnfs/user/taxidata/2013-12-11/223730.DAT : loading fail
/pnfs/user/taxidata/2013-12-11/224000.DAT : loading fail
/pnfs/user/taxidata/2013-12-11/224230.DAT : loading fail
/pnfs/user/taxidata/2013-12-11/224500.DAT : loading fail
/pnfs/user/taxidata/2013-12-11/224730.DAT : loading fail
/pnfs/user/taxidata/2013-12-11/225000.DAT : loading fail
/pnfs/user/taxidata/2013-12-11/225230.DAT : loading fail
/pnfs/user/taxidata/2013-12-11/225500.DAT : loading fail
/pnfs/user/taxidata/2013-12-11/225730.DAT : loading fail
/pnfs/user/taxidata/2013-12-11/230000.DAT : loading fail
/pnfs/user/taxidata/2013-12-11/230230.DAT : loading fail
/pnfs/user/taxidata/2013-12-11/230500.DAT : loading fail
/pnfs/user/taxidata/2013-12-11/230730.DAT : loading fail
/pnfs/user/taxidata/2013-12-11/231000.DAT : loading fail
/pnfs/user/taxidata/2013-12-11/231230.DAT : loading fail
/pnfs/user/taxidata/2013-12-11/231500.DAT : loading fail
/pnfs/user/taxidata/2013-12-11/231730.DAT : loading fail
/pnfs/user/taxidata/2013-12-11/232000.DAT : loading fail
/pnfs/user/taxidata/2013-12-11/232230.DAT : loading fail
/pnfs/user/taxidata/2013-12-11/232500.DAT : loading fail
/pnfs/user/taxidata/2013-12-11/232730.DAT : loading fail
/pnfs/user/taxidata/2013-12-11/233000.DAT : loading fail
/pnfs/user/taxidata/2013-12-11/233230.DAT : loading fail
/pnfs/user/taxidata/2013-12-11/233500.DAT : loading fail
/pnfs/user/taxidata/2013-12-11/233730.DAT : loading fail
/pnfs/user/taxidata/2013-12-11/234000.DAT : loading fail
/pnfs/user/taxidata/2013-12-11/234230.DAT : loading fail
/pnfs/user/taxidata/2013-12-11/234500.DAT : loading fail
/pnfs/user/taxidata/2013-12-11/234730.DAT : loading fail
/pnfs/user/taxidata/2013-12-11/235000.DAT : loading fail
/pnfs/user/taxidata/2013-12-11/235230.DAT : loading fail
/pnfs/user/taxidata/2013-12-11/235500.DAT : loading fail
/pnfs/user/taxidata/2013-12-11/235730.DAT : loading fail
0 file(s) checking finished
no files!
/pnfs/user/taxidata/2013-12-11/000000.DAT : loading fail
/pnfs/user/taxidata/2013-12-11/000230.DAT : loading fail
/pnfs/user/taxidata/2013-12-11/000500.DAT : loading fail
/pnfs/user/taxidata/2013-12-11/000730.DAT : loading fail
/pnfs/user/taxidata/2013-12-11/001000.DAT : loading fail
/pnfs/user/taxidata/2013-12-11/001230.DAT : loading fail
/pnfs/user/taxidata/2013-12-11/001500.DAT : loading fail
/pnfs/user/taxidata/2013-12-11/001730.DAT : loading fail
/pnfs/user/taxidata/2013-12-11/002000.DAT : loading fail
/pnfs/user/taxidata/2013-12-11/002230.DAT : loading fail
/pnfs/user/taxidata/2013-12-11/002500.DAT : loading fail
/pnfs/user/taxidata/2013-12-11/002730.DAT : loading fail
/pnfs/user/taxidata/2013-12-11/003000.DAT : loading fail
/pnfs/user/taxidata/2013-12-11/003230.DAT : loading fail
/pnfs/user/taxidata/2013-12-11/003500.DAT : loading fail
/pnfs/user/taxidata/2013-12-11/003730.DAT : loading fail
/pnfs/user/taxidata/2013-12-11/004000.DAT : loading fail
/pnfs/user/taxidata/2013-12-11/004230.DAT : loading fail
/pnfs/user/taxidata/2013-12-11/004500.DAT : loading fail
/pnfs/user/taxidata/2013-12-11/004730.DAT : loading fail
/pnfs/user/taxidata/2013-12-11/005000.DAT : loading fail
/pnfs/user/taxidata/2013-12-11/005230.DAT : loading fail
/pnfs/user/taxidata/2013-12-11/005500.DAT : loading fail
/pnfs/user/taxidata/2013-12-11/005730.DAT : loading fail
/pnfs/user/taxidata/2013-12-11/010000.DAT : loading fail
/pnfs/user/taxidata/2013-12-11/010230.DAT : loading fail
/pnfs/user/taxidata/2013-12-11/010500.DAT : loading fail
/pnfs/user/taxidata/2013-12-11/010730.DAT : loading fail
/pnfs/user/taxidata/2013-12-11/011000.DAT : loading fail
/pnfs/user/taxidata/2013-12-11/011230.DAT : loading fail
/pnfs/user/taxidata/2013-12-11/011500.DAT : loading fail
/pnfs/user/taxidata/2013-12-11/011730.DAT : loading fail
/pnfs/user/taxidata/2013-12-11/012000.DAT : loading fail
/pnfs/user/taxidata/2013-12-11/012230.DAT : loading fail
/pnfs/user/taxidata/2013-12-11/012500.DAT : loading fail
/pnfs/user/taxidata/2013-12-11/012730.DAT : loading fail
/pnfs/user/taxidata/2013-12-11/013000.DAT : loading fail
/pnfs/user/taxidata/2013-12-11/013230.DAT : loading fail
/pnfs/user/taxidata/2013-12-11/013500.DAT : loading fail
/pnfs/user/taxidata/2013-12-11/013730.DAT : loading fail
/pnfs/user/taxidata/2013-12-11/014000.DAT : loading fail
/pnfs/user/taxidata/2013-12-11/014230.DAT : loading fail
/pnfs/user/taxidata/2013-12-11/014500.DAT : loading fail
/pnfs/user/taxidata/2013-12-11/014730.DAT : loading fail
/pnfs/user/taxidata/2013-12-11/015000.DAT : loading fail
/pnfs/user/taxidata/2013-12-11/015230.DAT : loading fail
/pnfs/user/taxidata/2013-12-11/015500.DAT : loading fail
/pnfs/user/taxidata/2013-12-11/015730.DAT : loading fail
/pnfs/user/taxidata/2013-12-11/020000.DAT : loading fail
/pnfs/user/taxidata/2013-12-11/020230.DAT : loading fail
/pnfs/user/taxidata/2013-12-11/020500.DAT : loading fail
/pnfs/user/taxidata/2013-12-11/020730.DAT : loading fail
/pnfs/user/taxidata/2013-12-11/021000.DAT : loading fail
/pnfs/user/taxidata/2013-12-11/021230.DAT : loading fail
/pnfs/user/taxidata/2013-12-11/021500.DAT : loading fail
/pnfs/user/taxidata/2013-12-11/021730.DAT : loading fail
/pnfs/user/taxidata/2013-12-11/022000.DAT : loading fail
/pnfs/user/taxidata/2013-12-11/022230.DAT : loading fail
/pnfs/user/taxidata/2013-12-11/022500.DAT : loading fail
/pnfs/user/taxidata/2013-12-11/022730.DAT : loading fail
/pnfs/user/taxidata/2013-12-11/023000.DAT : loading fail
/pnfs/user/taxidata/2013-12-11/023230.DAT : loading fail
/pnfs/user/taxidata/2013-12-11/023500.DAT : loading fail
/pnfs/user/taxidata/2013-12-11/023730.DAT : loading fail
/pnfs/user/taxidata/2013-12-11/024000.DAT : loading fail
/pnfs/user/taxidata/2013-12-11/024230.DAT : loading fail
/pnfs/user/taxidata/2013-12-11/024500.DAT : loading fail
/pnfs/user/taxidata/2013-12-11/024730.DAT : loading fail
/pnfs/user/taxidata/2013-12-11/025000.DAT : loading fail
/pnfs/user/taxidata/2013-12-11/025230.DAT : loading fail
/pnfs/user/taxidata/2013-12-11/025500.DAT : loading fail
/pnfs/user/taxidata/2013-12-11/025730.DAT : loading fail
/pnfs/user/taxidata/2013-12-11/030000.DAT : loading fail
/pnfs/user/taxidata/2013-12-11/030230.DAT : loading fail
/pnfs/user/taxidata/2013-12-11/030500.DAT : loading fail
/pnfs/user/taxidata/2013-12-11/030730.DAT : loading fail
/pnfs/user/taxidata/2013-12-11/031000.DAT : loading fail
/pnfs/user/taxidata/2013-12-11/031230.DAT : loading fail
/pnfs/user/taxidata/2013-12-11/031500.DAT : loading fail
/pnfs/user/taxidata/2013-12-11/031730.DAT : loading fail
/pnfs/user/taxidata/2013-12-11/032000.DAT : loading fail
/pnfs/user/taxidata/2013-12-11/032230.DAT : loading fail
/pnfs/user/taxidata/2013-12-11/032500.DAT : loading fail
/pnfs/user/taxidata/2013-12-11/032730.DAT : loading fail
/pnfs/user/taxidata/2013-12-11/033000.DAT : loading fail
/pnfs/user/taxidata/2013-12-11/033230.DAT : loading fail
/pnfs/user/taxidata/2013-12-11/033500.DAT : loading fail
/pnfs/user/taxidata/2013-12-11/033730.DAT : loading fail
/pnfs/user/taxidata/2013-12-11/034000.DAT : loading fail
/pnfs/user/taxidata/2013-12-11/034230.DAT : loading fail
/pnfs/user/taxidata/2013-12-11/034500.DAT : loading fail
/pnfs/user/taxidata/2013-12-11/034730.DAT : loading fail
/pnfs/user/taxidata/2013-12-11/035000.DAT : loading fail
/pnfs/user/taxidata/2013-12-11/035230.DAT : loading fail
/pnfs/user/taxidata/2013-12-11/035500.DAT : loading fail
/pnfs/user/taxidata/2013-12-11/035730.DAT : loading fail
/pnfs/user/taxidata/2013-12-11/040000.DAT : loading fail
/pnfs/user/taxidata/2013-12-11/040230.DAT : loading fail
/pnfs/user/taxidata/2013-12-11/040500.DAT : loading fail
/pnfs/user/taxidata/2013-12-11/040730.DAT : loading fail
/pnfs/user/taxidata/2013-12-11/041000.DAT : loading fail
/pnfs/user/taxidata/2013-12-11/041230.DAT : loading fail
/pnfs/user/taxidata/2013-12-11/041500.DAT : loading fail
/pnfs/user/taxidata/2013-12-11/041730.DAT : loading fail
/pnfs/user/taxidata/2013-12-11/042000.DAT : loading fail
/pnfs/user/taxidata/2013-12-11/042230.DAT : loading fail
/pnfs/user/taxidata/2013-12-11/042500.DAT : loading fail
/pnfs/user/taxidata/2013-12-11/042730.DAT : loading fail
/pnfs/user/taxidata/2013-12-11/043000.DAT : loading fail
/pnfs/user/taxidata/2013-12-11/043230.DAT : loading fail
/pnfs/user/taxidata/2013-12-11/043500.DAT : loading fail
/pnfs/user/taxidata/2013-12-11/043730.DAT : loading fail
/pnfs/user/taxidata/2013-12-11/044000.DAT : loading fail
/pnfs/user/taxidata/2013-12-11/044230.DAT : loading fail
/pnfs/user/taxidata/2013-12-11/044500.DAT : loading fail
/pnfs/user/taxidata/2013-12-11/044730.DAT : loading fail
/pnfs/user/taxidata/2013-12-11/045000.DAT : loading fail
/pnfs/user/taxidata/2013-12-11/045230.DAT : loading fail
/pnfs/user/taxidata/2013-12-11/045500.DAT : loading fail
/pnfs/user/taxidata/2013-12-11/045730.DAT : loading fail
/pnfs/user/taxidata/2013-12-11/050000.DAT : loading fail
/pnfs/user/taxidata/2013-12-11/050230.DAT : loading fail
/pnfs/user/taxidata/2013-12-11/050500.DAT : loading fail
/pnfs/user/taxidata/2013-12-11/050730.DAT : loading fail
/pnfs/user/taxidata/2013-12-11/051000.DAT : loading fail
/pnfs/user/taxidata/2013-12-11/051230.DAT : loading fail
/pnfs/user/taxidata/2013-12-11/051500.DAT : loading fail
/pnfs/user/taxidata/2013-12-11/051730.DAT : loading fail
/pnfs/user/taxidata/2013-12-11/052000.DAT : loading fail
/pnfs/user/taxidata/2013-12-11/052230.DAT : loading fail
/pnfs/user/taxidata/2013-12-11/052500.DAT : loading fail
/pnfs/user/taxidata/2013-12-11/052730.DAT : loading fail
/pnfs/user/taxidata/2013-12-11/053000.DAT : loading fail
/pnfs/user/taxidata/2013-12-11/053230.DAT : loading fail
/pnfs/user/taxidata/2013-12-11/053500.DAT : loading fail
/pnfs/user/taxidata/2013-12-11/053730.DAT : loading fail
/pnfs/user/taxidata/2013-12-11/054000.DAT : loading fail
/pnfs/user/taxidata/2013-12-11/054230.DAT : loading fail
/pnfs/user/taxidata/2013-12-11/054500.DAT : loading fail
/pnfs/user/taxidata/2013-12-11/054730.DAT : loading fail
/pnfs/user/taxidata/2013-12-11/055000.DAT : loading fail
/pnfs/user/taxidata/2013-12-11/055230.DAT : loading fail
/pnfs/user/taxidata/2013-12-11/055500.DAT : loading fail
/pnfs/user/taxidata/2013-12-11/055730.DAT : loading fail
/pnfs/user/taxidata/2013-12-11/060000.DAT : loading fail
/pnfs/user/taxidata/2013-12-11/060230.DAT : loading fail
/pnfs/user/taxidata/2013-12-11/060500.DAT : loading fail
/pnfs/user/taxidata/2013-12-11/060730.DAT : loading fail
/pnfs/user/taxidata/2013-12-11/061000.DAT : loading fail
/pnfs/user/taxidata/2013-12-11/061230.DAT : loading fail
/pnfs/user/taxidata/2013-12-11/061500.DAT : loading fail
/pnfs/user/taxidata/2013-12-11/061730.DAT : loading fail
/pnfs/user/taxidata/2013-12-11/062000.DAT : loading fail
/pnfs/user/taxidata/2013-12-11/062230.DAT : loading fail
/pnfs/user/taxidata/2013-12-11/062500.DAT : loading fail
/pnfs/user/taxidata/2013-12-11/062730.DAT : loading fail
/pnfs/user/taxidata/2013-12-11/063000.DAT : loading fail
/pnfs/user/taxidata/2013-12-11/063230.DAT : loading fail
/pnfs/user/taxidata/2013-12-11/063500.DAT : loading fail
/pnfs/user/taxidata/2013-12-11/063730.DAT : loading fail
/pnfs/user/taxidata/2013-12-11/064000.DAT : loading fail
/pnfs/user/taxidata/2013-12-11/064230.DAT : loading fail
/pnfs/user/taxidata/2013-12-11/064500.DAT : loading fail
/pnfs/user/taxidata/2013-12-11/064730.DAT : loading fail
/pnfs/user/taxidata/2013-12-11/065000.DAT : loading fail
/pnfs/user/taxidata/2013-12-11/065230.DAT : loading fail
/pnfs/user/taxidata/2013-12-11/065500.DAT : loading fail
/pnfs/user/taxidata/2013-12-11/065730.DAT : loading fail
/pnfs/user/taxidata/2013-12-11/070000.DAT : loading fail
/pnfs/user/taxidata/2013-12-11/070230.DAT : loading fail
/pnfs/user/taxidata/2013-12-11/070500.DAT : loading fail
/pnfs/user/taxidata/2013-12-11/070730.DAT : loading fail
/pnfs/user/taxidata/2013-12-11/071000.DAT : loading fail
/pnfs/user/taxidata/2013-12-11/071230.DAT : loading fail
/pnfs/user/taxidata/2013-12-11/071500.DAT : loading fail
/pnfs/user/taxidata/2013-12-11/071730.DAT : loading fail
/pnfs/user/taxidata/2013-12-11/072000.DAT : loading fail
/pnfs/user/taxidata/2013-12-11/072230.DAT : loading fail
/pnfs/user/taxidata/2013-12-11/072500.DAT : loading fail
/pnfs/user/taxidata/2013-12-11/072730.DAT : loading fail
/pnfs/user/taxidata/2013-12-11/073000.DAT : loading fail
/pnfs/user/taxidata/2013-12-11/073230.DAT : loading fail
/pnfs/user/taxidata/2013-12-11/073500.DAT : loading fail
/pnfs/user/taxidata/2013-12-11/073730.DAT : loading fail
/pnfs/user/taxidata/2013-12-11/074000.DAT : loading fail
/pnfs/user/taxidata/2013-12-11/074230.DAT : loading fail
/pnfs/user/taxidata/2013-12-11/074500.DAT : loading fail
/pnfs/user/taxidata/2013-12-11/074730.DAT : loading fail
/pnfs/user/taxidata/2013-12-11/075000.DAT : loading fail
/pnfs/user/taxidata/2013-12-11/075230.DAT : loading fail
/pnfs/user/taxidata/2013-12-11/075500.DAT : loading fail
/pnfs/user/taxidata/2013-12-11/075730.DAT : loading fail
/pnfs/user/taxidata/2013-12-11/080000.DAT : loading fail
/pnfs/user/taxidata/2013-12-11/080230.DAT : loading fail
/pnfs/user/taxidata/2013-12-11/080500.DAT : loading fail
/pnfs/user/taxidata/2013-12-11/080730.DAT : loading fail
/pnfs/user/taxidata/2013-12-11/081000.DAT : loading fail
/pnfs/user/taxidata/2013-12-11/081230.DAT : loading fail
/pnfs/user/taxidata/2013-12-11/081500.DAT : loading fail
/pnfs/user/taxidata/2013-12-11/081730.DAT : loading fail
/pnfs/user/taxidata/2013-12-11/082000.DAT : loading fail
/pnfs/user/taxidata/2013-12-11/082230.DAT : loading fail
/pnfs/user/taxidata/2013-12-11/082500.DAT : loading fail
/pnfs/user/taxidata/2013-12-11/082730.DAT : loading fail
/pnfs/user/taxidata/2013-12-11/083000.DAT : loading fail
/pnfs/user/taxidata/2013-12-11/083230.DAT : loading fail
/pnfs/user/taxidata/2013-12-11/083500.DAT : loading fail
/pnfs/user/taxidata/2013-12-11/083730.DAT : loading fail
/pnfs/user/taxidata/2013-12-11/084000.DAT : loading fail
/pnfs/user/taxidata/2013-12-11/084230.DAT : loading fail
/pnfs/user/taxidata/2013-12-11/084500.DAT : loading fail
/pnfs/user/taxidata/2013-12-11/084730.DAT : loading fail
/pnfs/user/taxidata/2013-12-11/085000.DAT : loading fail
/pnfs/user/taxidata/2013-12-11/085230.DAT : loading fail
/pnfs/user/taxidata/2013-12-11/085500.DAT : loading fail
/pnfs/user/taxidata/2013-12-11/085730.DAT : loading fail
/pnfs/user/taxidata/2013-12-11/090000.DAT : loading fail
/pnfs/user/taxidata/2013-12-11/090230.DAT : loading fail
/pnfs/user/taxidata/2013-12-11/090500.DAT : loading fail
/pnfs/user/taxidata/2013-12-11/090730.DAT : loading fail
/pnfs/user/taxidata/2013-12-11/091000.DAT : loading fail
/pnfs/user/taxidata/2013-12-11/091230.DAT : loading fail
/pnfs/user/taxidata/2013-12-11/091500.DAT : loading fail
/pnfs/user/taxidata/2013-12-11/091730.DAT : loading fail
/pnfs/user/taxidata/2013-12-11/092000.DAT : loading fail
/pnfs/user/taxidata/2013-12-11/092230.DAT : loading fail
/pnfs/user/taxidata/2013-12-11/092500.DAT : loading fail
/pnfs/user/taxidata/2013-12-11/092730.DAT : loading fail
/pnfs/user/taxidata/2013-12-11/093000.DAT : loading fail
/pnfs/user/taxidata/2013-12-11/093230.DAT : loading fail
/pnfs/user/taxidata/2013-12-11/093500.DAT : loading fail
/pnfs/user/taxidata/2013-12-11/093730.DAT : loading fail
/pnfs/user/taxidata/2013-12-11/094000.DAT : loading fail
/pnfs/user/taxidata/2013-12-11/094230.DAT : loading fail
/pnfs/user/taxidata/2013-12-11/094500.DAT : loading fail
/pnfs/user/taxidata/2013-12-11/094730.DAT : loading fail
/pnfs/user/taxidata/2013-12-11/095000.DAT : loading fail
/pnfs/user/taxidata/2013-12-11/095230.DAT : loading fail
/pnfs/user/taxidata/2013-12-11/095500.DAT : loading fail
/pnfs/user/taxidata/2013-12-11/095730.DAT : loading fail
/pnfs/user/taxidata/2013-12-11/100000.DAT : loading fail
/pnfs/user/taxidata/2013-12-11/100230.DAT : loading fail
/pnfs/user/taxidata/2013-12-11/100500.DAT : loading fail
/pnfs/user/taxidata/2013-12-11/100730.DAT : loading fail
/pnfs/user/taxidata/2013-12-11/101000.DAT : loading fail
/pnfs/user/taxidata/2013-12-11/101230.DAT : loading fail
/pnfs/user/taxidata/2013-12-11/101500.DAT : loading fail
/pnfs/user/taxidata/2013-12-11/101730.DAT : loading fail
/pnfs/user/taxidata/2013-12-11/102000.DAT : loading fail
/pnfs/user/taxidata/2013-12-11/102230.DAT : loading fail
/pnfs/user/taxidata/2013-12-11/102500.DAT : loading fail
/pnfs/user/taxidata/2013-12-11/102730.DAT : loading fail
/pnfs/user/taxidata/2013-12-11/103000.DAT : loading fail
/pnfs/user/taxidata/2013-12-11/103230.DAT : loading fail
/pnfs/user/taxidata/2013-12-11/103500.DAT : loading fail
/pnfs/user/taxidata/2013-12-11/103730.DAT : loading fail
/pnfs/user/taxidata/2013-12-11/104000.DAT : loading fail
/pnfs/user/taxidata/2013-12-11/104230.DAT : loading fail
/pnfs/user/taxidata/2013-12-11/104500.DAT : loading fail
/pnfs/user/taxidata/2013-12-11/104730.DAT : loading fail
/pnfs/user/taxidata/2013-12-11/105000.DAT : loading fail
/pnfs/user/taxidata/2013-12-11/105230.DAT : loading fail
/pnfs/user/taxidata/2013-12-11/105500.DAT : loading fail
/pnfs/user/taxidata/2013-12-11/105730.DAT : loading fail
/pnfs/user/taxidata/2013-12-11/110000.DAT : loading fail
/pnfs/user/taxidata/2013-12-11/110230.DAT : loading fail
/pnfs/user/taxidata/2013-12-11/110500.DAT : loading fail
/pnfs/user/taxidata/2013-12-11/110730.DAT : loading fail
/pnfs/user/taxidata/2013-12-11/111000.DAT : loading fail
/pnfs/user/taxidata/2013-12-11/111230.DAT : loading fail
/pnfs/user/taxidata/2013-12-11/111500.DAT : loading fail
/pnfs/user/taxidata/2013-12-11/111730.DAT : loading fail
/pnfs/user/taxidata/2013-12-11/112000.DAT : loading fail
/pnfs/user/taxidata/2013-12-11/112230.DAT : loading fail
/pnfs/user/taxidata/2013-12-11/112500.DAT : loading fail
/pnfs/user/taxidata/2013-12-11/112730.DAT : loading fail
/pnfs/user/taxidata/2013-12-11/113000.DAT : loading fail
/pnfs/user/taxidata/2013-12-11/113230.DAT : loading fail
/pnfs/user/taxidata/2013-12-11/113500.DAT : loading fail
/pnfs/user/taxidata/2013-12-11/113730.DAT : loading fail
/pnfs/user/taxidata/2013-12-11/114000.DAT : loading fail
/pnfs/user/taxidata/2013-12-11/114230.DAT : loading fail
/pnfs/user/taxidata/2013-12-11/114500.DAT : loading fail
/pnfs/user/taxidata/2013-12-11/114730.DAT : loading fail
/pnfs/user/taxidata/2013-12-11/115000.DAT : loading fail
/pnfs/user/taxidata/2013-12-11/115230.DAT : loading fail
/pnfs/user/taxidata/2013-12-11/115500.DAT : loading fail
/pnfs/user/taxidata/2013-12-11/115730.DAT : loading fail
/pnfs/user/taxidata/2013-12-11/120000.DAT : loading fail
/pnfs/user/taxidata/2013-12-11/120230.DAT : loading fail
/pnfs/user/taxidata/2013-12-11/120500.DAT : loading fail
/pnfs/user/taxidata/2013-12-11/120730.DAT : loading fail
/pnfs/user/taxidata/2013-12-11/121000.DAT : loading fail
/pnfs/user/taxidata/2013-12-11/121230.DAT : loading fail
/pnfs/user/taxidata/2013-12-11/121500.DAT : loading fail
/pnfs/user/taxidata/2013-12-11/121730.DAT : loading fail
/pnfs/user/taxidata/2013-12-11/122000.DAT : loading fail
/pnfs/user/taxidata/2013-12-11/122230.DAT : loading fail
/pnfs/user/taxidata/2013-12-11/122500.DAT : loading fail
/pnfs/user/taxidata/2013-12-11/122730.DAT : loading fail
/pnfs/user/taxidata/2013-12-11/123000.DAT : loading fail
/pnfs/user/taxidata/2013-12-11/123230.DAT : loading fail
/pnfs/user/taxidata/2013-12-11/123500.DAT : loading fail
/pnfs/user/taxidata/2013-12-11/123730.DAT : loading fail
/pnfs/user/taxidata/2013-12-11/124000.DAT : loading fail
/pnfs/user/taxidata/2013-12-11/124230.DAT : loading fail
/pnfs/user/taxidata/2013-12-11/124500.DAT : loading fail
/pnfs/user/taxidata/2013-12-11/124730.DAT : loading fail
/pnfs/user/taxidata/2013-12-11/125000.DAT : loading fail
/pnfs/user/taxidata/2013-12-11/125230.DAT : loading fail
/pnfs/user/taxidata/2013-12-11/125500.DAT : loading fail
/pnfs/user/taxidata/2013-12-11/125730.DAT : loading fail
/pnfs/user/taxidata/2013-12-11/130000.DAT : loading fail
/pnfs/user/taxidata/2013-12-11/130230.DAT : loading fail
/pnfs/user/taxidata/2013-12-11/130500.DAT : loading fail
/pnfs/user/taxidata/2013-12-11/130730.DAT : loading fail
/pnfs/user/taxidata/2013-12-11/131000.DAT : loading fail
/pnfs/user/taxidata/2013-12-11/131230.DAT : loading fail
/pnfs/user/taxidata/2013-12-11/131500.DAT : loading fail
/pnfs/user/taxidata/2013-12-11/131730.DAT : loading fail
/pnfs/user/taxidata/2013-12-11/132000.DAT : loading fail
/pnfs/user/taxidata/2013-12-11/132230.DAT : loading fail
/pnfs/user/taxidata/2013-12-11/132500.DAT : loading fail
/pnfs/user/taxidata/2013-12-11/132730.DAT : loading fail
/pnfs/user/taxidata/2013-12-11/133000.DAT : loading fail
/pnfs/user/taxidata/2013-12-11/133230.DAT : loading fail
/pnfs/user/taxidata/2013-12-11/133500.DAT : loading fail
/pnfs/user/taxidata/2013-12-11/133730.DAT : loading fail
/pnfs/user/taxidata/2013-12-11/134000.DAT : loading fail
/pnfs/user/taxidata/2013-12-11/134230.DAT : loading fail
/pnfs/user/taxidata/2013-12-11/134500.DAT : loading fail
/pnfs/user/taxidata/2013-12-11/134730.DAT : loading fail
/pnfs/user/taxidata/2013-12-11/135000.DAT : loading fail
/pnfs/user/taxidata/2013-12-11/135230.DAT : loading fail
/pnfs/user/taxidata/2013-12-11/135500.DAT : loading fail
/pnfs/user/taxidata/2013-12-11/135730.DAT : loading fail
/pnfs/user/taxidata/2013-12-11/140000.DAT : loading fail
/pnfs/user/taxidata/2013-12-11/140230.DAT : loading fail
/pnfs/user/taxidata/2013-12-11/140500.DAT : loading fail
/pnfs/user/taxidata/2013-12-11/140730.DAT : loading fail
/pnfs/user/taxidata/2013-12-11/141000.DAT : loading fail
/pnfs/user/taxidata/2013-12-11/141230.DAT : loading fail
/pnfs/user/taxidata/2013-12-11/141500.DAT : loading fail
/pnfs/user/taxidata/2013-12-11/141730.DAT : loading fail
/pnfs/user/taxidata/2013-12-11/142000.DAT : loading fail
/pnfs/user/taxidata/2013-12-11/142230.DAT : loading fail
/pnfs/user/taxidata/2013-12-11/142500.DAT : loading fail
/pnfs/user/taxidata/2013-12-11/142730.DAT : loading fail
/pnfs/user/taxidata/2013-12-11/143000.DAT : loading fail
/pnfs/user/taxidata/2013-12-11/143230.DAT : loading fail
/pnfs/user/taxidata/2013-12-11/143500.DAT : loading fail
/pnfs/user/taxidata/2013-12-11/143730.DAT : loading fail
/pnfs/user/taxidata/2013-12-11/144000.DAT : loading fail
/pnfs/user/taxidata/2013-12-11/144230.DAT : loading fail
/pnfs/user/taxidata/2013-12-11/144500.DAT : loading fail
/pnfs/user/taxidata/2013-12-11/144730.DAT : loading fail
/pnfs/user/taxidata/2013-12-11/145000.DAT : loading fail
/pnfs/user/taxidata/2013-12-11/145230.DAT : loading fail
/pnfs/user/taxidata/2013-12-11/145500.DAT : loading fail
/pnfs/user/taxidata/2013-12-11/145730.DAT : loading fail
/pnfs/user/taxidata/2013-12-11/150000.DAT : loading fail
/pnfs/user/taxidata/2013-12-11/150230.DAT : loading fail
/pnfs/user/taxidata/2013-12-11/150500.DAT : loading fail
/pnfs/user/taxidata/2013-12-11/150730.DAT : loading fail
/pnfs/user/taxidata/2013-12-11/151000.DAT : loading fail
/pnfs/user/taxidata/2013-12-11/151230.DAT : loading fail
/pnfs/user/taxidata/2013-12-11/151500.DAT : loading fail
/pnfs/user/taxidata/2013-12-11/151730.DAT : loading fail
/pnfs/user/taxidata/2013-12-11/152000.DAT : loading fail
/pnfs/user/taxidata/2013-12-11/152230.DAT : loading fail
/pnfs/user/taxidata/2013-12-11/152500.DAT : loading fail
/pnfs/user/taxidata/2013-12-11/152730.DAT : loading fail
/pnfs/user/taxidata/2013-12-11/153000.DAT : loading fail
/pnfs/user/taxidata/2013-12-11/153230.DAT : loading fail
/pnfs/user/taxidata/2013-12-11/153500.DAT : loading fail
/pnfs/user/taxidata/2013-12-11/153730.DAT : loading fail
/pnfs/user/taxidata/2013-12-11/154000.DAT : loading fail
/pnfs/user/taxidata/2013-12-11/154230.DAT : loading fail
/pnfs/user/taxidata/2013-12-11/154500.DAT : loading fail
/pnfs/user/taxidata/2013-12-11/154730.DAT : loading fail
/pnfs/user/taxidata/2013-12-11/155000.DAT : loading fail
/pnfs/user/taxidata/2013-12-11/155230.DAT : loading fail
/pnfs/user/taxidata/2013-12-11/155500.DAT : loading fail
/pnfs/user/taxidata/2013-12-11/155730.DAT : loading fail
/pnfs/user/taxidata/2013-12-11/160000.DAT : loading fail
/pnfs/user/taxidata/2013-12-11/160230.DAT : loading fail
/pnfs/user/taxidata/2013-12-11/160500.DAT : loading fail
/pnfs/user/taxidata/2013-12-11/160730.DAT : loading fail
/pnfs/user/taxidata/2013-12-11/161000.DAT : loading fail
/pnfs/user/taxidata/2013-12-11/161230.DAT : loading fail
/pnfs/user/taxidata/2013-12-11/161500.DAT : loading fail
/pnfs/user/taxidata/2013-12-11/161730.DAT : loading fail
/pnfs/user/taxidata/2013-12-11/162000.DAT : loading fail
/pnfs/user/taxidata/2013-12-11/162230.DAT : loading fail
/pnfs/user/taxidata/2013-12-11/162500.DAT : loading fail
/pnfs/user/taxidata/2013-12-11/162730.DAT : loading fail
/pnfs/user/taxidata/2013-12-11/163000.DAT : loading fail
/pnfs/user/taxidata/2013-12-11/163230.DAT : loading fail
/pnfs/user/taxidata/2013-12-11/163500.DAT : loading fail
/pnfs/user/taxidata/2013-12-11/163730.DAT : loading fail
/pnfs/user/taxidata/2013-12-11/164000.DAT : loading fail
/pnfs/user/taxidata/2013-12-11/164230.DAT : loading fail
/pnfs/user/taxidata/2013-12-11/164500.DAT : loading fail
/pnfs/user/taxidata/2013-12-11/164730.DAT : loading fail
/pnfs/user/taxidata/2013-12-11/165000.DAT : loading fail
/pnfs/user/taxidata/2013-12-11/165230.DAT : loading fail
/pnfs/user/taxidata/2013-12-11/165500.DAT : loading fail
/pnfs/user/taxidata/2013-12-11/165730.DAT : loading fail
/pnfs/user/taxidata/2013-12-11/170000.DAT : loading fail
/pnfs/user/taxidata/2013-12-11/170230.DAT : loading fail
/pnfs/user/taxidata/2013-12-11/170500.DAT : loading fail
/pnfs/user/taxidata/2013-12-11/170730.DAT : loading fail
/pnfs/user/taxidata/2013-12-11/171000.DAT : loading fail
/pnfs/user/taxidata/2013-12-11/171230.DAT : loading fail
/pnfs/user/taxidata/2013-12-11/171500.DAT : loading fail
/pnfs/user/taxidata/2013-12-11/171730.DAT : loading fail
/pnfs/user/taxidata/2013-12-11/172000.DAT : loading fail
/pnfs/user/taxidata/2013-12-11/172230.DAT : loading fail
/pnfs/user/taxidata/2013-12-11/172500.DAT : loading fail
/pnfs/user/taxidata/2013-12-11/172730.DAT : loading fail
/pnfs/user/taxidata/2013-12-11/173000.DAT : loading fail
/pnfs/user/taxidata/2013-12-11/173230.DAT : loading fail
/pnfs/user/taxidata/2013-12-11/173500.DAT : loading fail
/pnfs/user/taxidata/2013-12-11/173730.DAT : loading fail
/pnfs/user/taxidata/2013-12-11/174000.DAT : loading fail
/pnfs/user/taxidata/2013-12-11/174230.DAT : loading fail
/pnfs/user/taxidata/2013-12-11/174500.DAT : loading fail
/pnfs/user/taxidata/2013-12-11/174730.DAT : loading fail
/pnfs/user/taxidata/2013-12-11/175000.DAT : loading fail
/pnfs/user/taxidata/2013-12-11/175230.DAT : loading fail
/pnfs/user/taxidata/2013-12-11/175500.DAT : loading fail
/pnfs/user/taxidata/2013-12-11/175730.DAT : loading fail
/pnfs/user/taxidata/2013-12-11/180000.DAT : loading fail
/pnfs/user/taxidata/2013-12-11/180230.DAT : loading fail
/pnfs/user/taxidata/2013-12-11/180500.DAT : loading fail
/pnfs/user/taxidata/2013-12-11/180730.DAT : loading fail
/pnfs/user/taxidata/2013-12-11/181000.DAT : loading fail
/pnfs/user/taxidata/2013-12-11/181230.DAT : loading fail
/pnfs/user/taxidata/2013-12-11/181500.DAT : loading fail
/pnfs/user/taxidata/2013-12-11/181730.DAT : loading fail
/pnfs/user/taxidata/2013-12-11/182000.DAT : loading fail
/pnfs/user/taxidata/2013-12-11/182230.DAT : loading fail
/pnfs/user/taxidata/2013-12-11/182500.DAT : loading fail
/pnfs/user/taxidata/2013-12-11/182730.DAT : loading fail
/pnfs/user/taxidata/2013-12-11/183000.DAT : loading fail
/pnfs/user/taxidata/2013-12-11/183230.DAT : loading fail
/pnfs/user/taxidata/2013-12-11/183500.DAT : loading fail
/pnfs/user/taxidata/2013-12-11/183730.DAT : loading fail
/pnfs/user/taxidata/2013-12-11/184000.DAT : loading fail
/pnfs/user/taxidata/2013-12-11/184230.DAT : loading fail
/pnfs/user/taxidata/2013-12-11/184500.DAT : loading fail
/pnfs/user/taxidata/2013-12-11/184730.DAT : loading fail
/pnfs/user/taxidata/2013-12-11/185000.DAT : loading fail
/pnfs/user/taxidata/2013-12-11/185230.DAT : loading fail
/pnfs/user/taxidata/2013-12-11/185500.DAT : loading fail
/pnfs/user/taxidata/2013-12-11/185730.DAT : loading fail
/pnfs/user/taxidata/2013-12-11/190000.DAT : loading fail
/pnfs/user/taxidata/2013-12-11/190230.DAT : loading fail
/pnfs/user/taxidata/2013-12-11/190500.DAT : loading fail
/pnfs/user/taxidata/2013-12-11/190730.DAT : loading fail
/pnfs/user/taxidata/2013-12-11/191000.DAT : loading fail
/pnfs/user/taxidata/2013-12-11/191230.DAT : loading fail
/pnfs/user/taxidata/2013-12-11/191500.DAT : loading fail
/pnfs/user/taxidata/2013-12-11/191730.DAT : loading fail
/pnfs/user/taxidata/2013-12-11/192000.DAT : loading fail
/pnfs/user/taxidata/2013-12-11/192230.DAT : loading fail
/pnfs/user/taxidata/2013-12-11/192500.DAT : loading fail
/pnfs/user/taxidata/2013-12-11/192730.DAT : loading fail
/pnfs/user/taxidata/2013-12-11/193000.DAT : loading fail
/pnfs/user/taxidata/2013-12-11/193230.DAT : loading fail
/pnfs/user/taxidata/2013-12-11/193500.DAT : loading fail
/pnfs/user/taxidata/2013-12-11/193730.DAT : loading fail
/pnfs/user/taxidata/2013-12-11/194000.DAT : loading fail
/pnfs/user/taxidata/2013-12-11/194230.DAT : loading fail
/pnfs/user/taxidata/2013-12-11/194500.DAT : loading fail
/pnfs/user/taxidata/2013-12-11/194730.DAT : loading fail
/pnfs/user/taxidata/2013-12-11/195000.DAT : loading fail
/pnfs/user/taxidata/2013-12-11/195230.DAT : loading fail
/pnfs/user/taxidata/2013-12-11/195500.DAT : loading fail
/pnfs/user/taxidata/2013-12-11/195730.DAT : loading fail
/pnfs/user/taxidata/2013-12-11/200000.DAT : loading fail
/pnfs/user/taxidata/2013-12-11/200230.DAT : loading fail
/pnfs/user/taxidata/2013-12-11/200500.DAT : loading fail
/pnfs/user/taxidata/2013-12-11/200730.DAT : loading fail
/pnfs/user/taxidata/2013-12-11/201000.DAT : loading fail
/pnfs/user/taxidata/2013-12-11/201230.DAT : loading fail
/pnfs/user/taxidata/2013-12-11/201500.DAT : loading fail
/pnfs/user/taxidata/2013-12-11/201730.DAT : loading fail
/pnfs/user/taxidata/2013-12-11/202000.DAT : loading fail
/pnfs/user/taxidata/2013-12-11/202230.DAT : loading fail
/pnfs/user/taxidata/2013-12-11/202500.DAT : loading fail
/pnfs/user/taxidata/2013-12-11/202730.DAT : loading fail
/pnfs/user/taxidata/2013-12-11/203000.DAT : loading fail
/pnfs/user/taxidata/2013-12-11/203230.DAT : loading fail
/pnfs/user/taxidata/2013-12-11/203500.DAT : loading fail
/pnfs/user/taxidata/2013-12-11/203730.DAT : loading fail
/pnfs/user/taxidata/2013-12-11/204000.DAT : loading fail
/pnfs/user/taxidata/2013-12-11/204230.DAT : loading fail
/pnfs/user/taxidata/2013-12-11/204500.DAT : loading fail
/pnfs/user/taxidata/2013-12-11/204730.DAT : loading fail
/pnfs/user/taxidata/2013-12-11/205000.DAT : loading fail
/pnfs/user/taxidata/2013-12-11/205230.DAT : loading fail
/pnfs/user/taxidata/2013-12-11/205500.DAT : loading fail
/pnfs/user/taxidata/2013-12-11/205730.DAT : loading fail
/pnfs/user/taxidata/2013-12-11/210000.DAT : loading fail
/pnfs/user/taxidata/2013-12-11/210230.DAT : loading fail
/pnfs/user/taxidata/2013-12-11/210500.DAT : loading fail
/pnfs/user/taxidata/2013-12-11/210730.DAT : loading fail
/pnfs/user/taxidata/2013-12-11/211000.DAT : loading fail
/pnfs/user/taxidata/2013-12-11/211230.DAT : loading fail
/pnfs/user/taxidata/2013-12-11/211500.DAT : loading fail
/pnfs/user/taxidata/2013-12-11/211730.DAT : loading fail
/pnfs/user/taxidata/2013-12-11/212000.DAT : loading fail
/pnfs/user/taxidata/2013-12-11/212230.DAT : loading fail
/pnfs/user/taxidata/2013-12-11/212500.DAT : loading fail
/pnfs/user/taxidata/2013-12-11/212730.DAT : loading fail
/pnfs/user/taxidata/2013-12-11/213000.DAT : loading fail
/pnfs/user/taxidata/2013-12-11/213230.DAT : loading fail
/pnfs/user/taxidata/2013-12-11/213500.DAT : loading fail
/pnfs/user/taxidata/2013-12-11/213730.DAT : loading fail
/pnfs/user/taxidata/2013-12-11/214000.DAT : loading fail
/pnfs/user/taxidata/2013-12-11/214230.DAT : loading fail
/pnfs/user/taxidata/2013-12-11/214500.DAT : loading fail
/pnfs/user/taxidata/2013-12-11/214730.DAT : loading fail
/pnfs/user/taxidata/2013-12-11/215000.DAT : loading fail
/pnfs/user/taxidata/2013-12-11/215230.DAT : loading fail
/pnfs/user/taxidata/2013-12-11/215500.DAT : loading fail
/pnfs/user/taxidata/2013-12-11/215730.DAT : loading fail
/pnfs/user/taxidata/2013-12-11/220000.DAT : loading fail
/pnfs/user/taxidata/2013-12-11/220230.DAT : loading fail
/pnfs/user/taxidata/2013-12-11/220500.DAT : loading fail
/pnfs/user/taxidata/2013-12-11/220730.DAT : loading fail
/pnfs/user/taxidata/2013-12-11/221000.DAT : loading fail
/pnfs/user/taxidata/2013-12-11/221230.DAT : loading fail
/pnfs/user/taxidata/2013-12-11/221500.DAT : loading fail
/pnfs/user/taxidata/2013-12-11/221730.DAT : loading fail
/pnfs/user/taxidata/2013-12-11/222000.DAT : loading fail
/pnfs/user/taxidata/2013-12-11/222230.DAT : loading fail
/pnfs/user/taxidata/2013-12-11/222500.DAT : loading fail
/pnfs/user/taxidata/2013-12-11/222730.DAT : loading fail
/pnfs/user/taxidata/2013-12-11/223000.DAT : loading fail
/pnfs/user/taxidata/2013-12-11/223230.DAT : loading fail
/pnfs/user/taxidata/2013-12-11/223500.DAT : loading fail
/pnfs/user/taxidata/2013-12-11/223730.DAT : loading fail
/pnfs/user/taxidata/2013-12-11/224000.DAT : loading fail
/pnfs/user/taxidata/2013-12-11/224230.DAT : loading fail
/pnfs/user/taxidata/2013-12-11/224500.DAT : loading fail
/pnfs/user/taxidata/2013-12-11/224730.DAT : loading fail
/pnfs/user/taxidata/2013-12-11/225000.DAT : loading fail
/pnfs/user/taxidata/2013-12-11/225230.DAT : loading fail
/pnfs/user/taxidata/2013-12-11/225500.DAT : loading fail
/pnfs/user/taxidata/2013-12-11/225730.DAT : loading fail
/pnfs/user/taxidata/2013-12-11/230000.DAT : loading fail
/pnfs/user/taxidata/2013-12-11/230230.DAT : loading fail
/pnfs/user/taxidata/2013-12-11/230500.DAT : loading fail
/pnfs/user/taxidata/2013-12-11/230730.DAT : loading fail
/pnfs/user/taxidata/2013-12-11/231000.DAT : loading fail
/pnfs/user/taxidata/2013-12-11/231230.DAT : loading fail
/pnfs/user/taxidata/2013-12-11/231500.DAT : loading fail
/pnfs/user/taxidata/2013-12-11/231730.DAT : loading fail
/pnfs/user/taxidata/2013-12-11/232000.DAT : loading fail
/pnfs/user/taxidata/2013-12-11/232230.DAT : loading fail
/pnfs/user/taxidata/2013-12-11/232500.DAT : loading fail
/pnfs/user/taxidata/2013-12-11/232730.DAT : loading fail
/pnfs/user/taxidata/2013-12-11/233000.DAT : loading fail
/pnfs/user/taxidata/2013-12-11/233230.DAT : loading fail
/pnfs/user/taxidata/2013-12-11/233500.DAT : loading fail
/pnfs/user/taxidata/2013-12-11/233730.DAT : loading fail
/pnfs/user/taxidata/2013-12-11/234000.DAT : loading fail
/pnfs/user/taxidata/2013-12-11/234230.DAT : loading fail
/pnfs/user/taxidata/2013-12-11/234500.DAT : loading fail
/pnfs/user/taxidata/2013-12-11/234730.DAT : loading fail
/pnfs/user/taxidata/2013-12-11/235000.DAT : loading fail
/pnfs/user/taxidata/2013-12-11/235230.DAT : loading fail
/pnfs/user/taxidata/2013-12-11/235500.DAT : loading fail
/pnfs/user/taxidata/2013-12-11/235730.DAT : loading fail
0 file(s) checking finished
Generating error : no files!
